<?xml version="1.0" encoding="UTF-8" ?>
<testsuite failures="0" time="2.027" errors="0" skipped="0" tests="9" name="uk.ac.bbk.bookface.domain.CommentsIntegrationTest">
  <properties>
[...]
</properties>
  <testcase time="0.327" classname="uk.ac.bbk.bookface.domain.CommentsIntegrationTest" name="testFlush"/>
  <testcase time="0.14" classname="uk.ac.bbk.bookface.domain.CommentsIntegrationTest" name="testRemove"/>
  <testcase time="0.375" classname="uk.ac.bbk.bookface.domain.CommentsIntegrationTest" name="testPersist"/>
  <testcase time="0" classname="uk.ac.bbk.bookface.domain.CommentsIntegrationTest" name="testMarkerMethod"/>
  <testcase time="0.171" classname="uk.ac.bbk.bookface.domain.CommentsIntegrationTest" name="testMergeUpdate"/>
  <testcase time="0.266" classname="uk.ac.bbk.bookface.domain.CommentsIntegrationTest" name="testFindAllCommentses"/>
  <testcase time="0.265" classname="uk.ac.bbk.bookface.domain.CommentsIntegrationTest" name="testFindComments"/>
  <testcase time="0.203" classname="uk.ac.bbk.bookface.domain.CommentsIntegrationTest" name="testCountCommentses"/>
  <testcase time="0.28" classname="uk.ac.bbk.bookface.domain.CommentsIntegrationTest" name="testFindCommentsEntries"/>
</testsuite>