<?xml version="1.0" encoding="UTF-8" ?>
<testsuite failures="0" time="0.078" errors="8" skipped="0" tests="9" name="uk.ac.bbk.bookface.domain.PersonIntegrationTest">
  <properties>
    <property name="java.runtime.name" value="Java(TM) SE Runtime Environment"/>
    <property name="sun.boot.library.path" value="C:\Program Files (x86)\Java\jre7\bin"/>
    <property name="java.vm.version" value="23.7-b01"/>
    <property name="java.vm.vendor" value="Oracle Corporation"/>
    <property name="java.vendor.url" value="http://java.oracle.com/"/>
    <property name="path.separator" value=";"/>
    <property name="guice.disable.misplaced.annotation.check" value="true"/>
    <property name="java.vm.name" value="Java HotSpot(TM) 64-Bit Server VM"/>
    <property name="file.encoding.pkg" value="sun.io"/>
    <property name="user.script" value=""/>
    <property name="user.country" value="GB"/>
    <property name="sun.java.launcher" value="SUN_STANDARD"/>
    <property name="sun.os.patch.level" value="Service Pack 1"/>
    <property name="java.vm.specification.name" value="Java Virtual Machine Specification"/>
    <property name="user.dir" value="C:\Users\Developer\workspace\Java\Bookface\bookface"/>
    <property name="java.runtime.version" value="1.7.0_13-b20"/>
    <property name="java.awt.graphicsenv" value="sun.awt.Win32GraphicsEnvironment"/>
    <property name="java.endorsed.dirs" value="C:\Program Files (x86)\Java\jre7\lib\endorsed"/>
    <property name="os.arch" value="amd64"/>
    <property name="java.io.tmpdir" value="C:\Users\DEVELO~1\AppData\Local\Temp\"/>
    <property name="line.separator" value="
"/>
    <property name="java.vm.specification.vendor" value="Oracle Corporation"/>
    <property name="user.variant" value=""/>
    <property name="os.name" value="Windows 7"/>
    <property name="classworlds.conf" value="C:\Program Files (x86)\Springsource\apache-maven-3.0.4\bin\m2.conf"/>
    <property name="sun.jnu.encoding" value="Cp1252"/>
    <property name="java.library.path" value="C:\Program Files (x86)\Java\jre7\bin;C:\Windows\Sun\Java\bin;C:\Windows\system32;C:\Windows;C:\Program Files\Common Files\Microsoft Shared\Windows Live;C:\Program Files (x86)\Common Files\Microsoft Shared\Windows Live;C:\Windows\system32;C:\Windows;C:\Windows\System32\Wbem;C:\Windows\System32\WindowsPowerShell\v1.0\;C:\Program Files\Broadcom\Broadcom 802.11\Driver;C:\Program Files (x86)\ATI Technologies\ATI.ACE\Core-Static;C:\Program Files\Ant\bin;C:\Program Files (x86)\Windows Live\Shared;c:\Program Files (x86)\Microsoft ASP.NET\ASP.NET Web Pages\v1.0\;C:\Program Files\TortoiseSVN\bin;C:\Program Files (x86)\Zend\ZendServer\bin;C:\Program Files (x86)\Zend\ZendServer\share\ZendFramework\bin;C:\PROGRA~2\IBM\SQLLIB\BIN;C:\PROGRA~2\IBM\SQLLIB\FUNCTION;C:\Program Files (x86)\QuickTime\QTSystem\;C:\Program Files (x86)\Springsource\apache-maven-3.0.4\bin;C:\Program Files (x86)\Springsource\apache-maven-3.0.4\;C:\Program Files (x86)\Springsource\spring-roo-1.2.3.RELEASE\bin;C:\Program Files (x86)\Java\jdk1.7.0_13\bin;C:\Program Files (x86)\MySQL\MySQL Server 5.6\bin;."/>
    <property name="java.specification.name" value="Java Platform API Specification"/>
    <property name="java.class.version" value="51.0"/>
    <property name="sun.management.compiler" value="HotSpot 64-Bit Tiered Compilers"/>
    <property name="os.version" value="6.1"/>
    <property name="user.home" value="C:\Users\Developer"/>
    <property name="user.timezone" value="Europe/London"/>
    <property name="java.awt.printerjob" value="sun.awt.windows.WPrinterJob"/>
    <property name="java.specification.version" value="1.7"/>
    <property name="file.encoding" value="Cp1252"/>
    <property name="user.name" value="Developer"/>
    <property name="java.class.path" value="C:\Program Files (x86)\Springsource\apache-maven-3.0.4\boot\plexus-classworlds-2.4.jar"/>
    <property name="java.vm.specification.version" value="1.7"/>
    <property name="sun.arch.data.model" value="64"/>
    <property name="java.home" value="C:\Program Files (x86)\Java\jre7"/>
    <property name="sun.java.command" value="org.codehaus.plexus.classworlds.launcher.Launcher test"/>
    <property name="java.specification.vendor" value="Oracle Corporation"/>
    <property name="user.language" value="en"/>
    <property name="awt.toolkit" value="sun.awt.windows.WToolkit"/>
    <property name="java.vm.info" value="mixed mode"/>
    <property name="java.version" value="1.7.0_13"/>
    <property name="java.ext.dirs" value="C:\Program Files (x86)\Java\jre7\lib\ext;C:\Windows\Sun\Java\lib\ext"/>
    <property name="sun.boot.class.path" value="C:\Program Files (x86)\Java\jre7\lib\resources.jar;C:\Program Files (x86)\Java\jre7\lib\rt.jar;C:\Program Files (x86)\Java\jre7\lib\sunrsasign.jar;C:\Program Files (x86)\Java\jre7\lib\jsse.jar;C:\Program Files (x86)\Java\jre7\lib\jce.jar;C:\Program Files (x86)\Java\jre7\lib\charsets.jar;C:\Program Files (x86)\Java\jre7\lib\jfr.jar;C:\Program Files (x86)\Java\jre7\classes"/>
    <property name="java.vendor" value="Oracle Corporation"/>
    <property name="maven.home" value="C:\Program Files (x86)\Springsource\apache-maven-3.0.4"/>
    <property name="file.separator" value="\"/>
    <property name="java.vendor.url.bug" value="http://bugreport.sun.com/bugreport/"/>
    <property name="sun.cpu.endian" value="little"/>
    <property name="sun.io.unicode.encoding" value="UnicodeLittle"/>
    <property name="sun.desktop" value="windows"/>
    <property name="sun.cpu.isalist" value="amd64"/>
  </properties>
  <testcase time="0.032" classname="uk.ac.bbk.bookface.domain.PersonIntegrationTest" name="testFlush">
    <error message="[ConstraintDescriptorImpl{annotation=javax.validation.constraints.NotNull, payloads=[], hasComposingConstraints=true, isReportAsSingleInvalidConstraint=false, elementType=FIELD, definedOn=DEFINED_LOCALLY, groups=[interface javax.validation.groups.Default], attributes={message={javax.validation.constraints.NotNull.message}, payload=[Ljava.lang.Class;@26ccfa41, groups=[Ljava.lang.Class;@5b41d54d}}:may not be null=null]" type="java.lang.RuntimeException">java.lang.RuntimeException: [ConstraintDescriptorImpl{annotation=javax.validation.constraints.NotNull, payloads=[], hasComposingConstraints=true, isReportAsSingleInvalidConstraint=false, elementType=FIELD, definedOn=DEFINED_LOCALLY, groups=[interface javax.validation.groups.Default], attributes={message={javax.validation.constraints.NotNull.message}, payload=[Ljava.lang.Class;@26ccfa41, groups=[Ljava.lang.Class;@5b41d54d}}:may not be null=null]
	at uk.ac.bbk.bookface.domain.PersonDataOnDemand_Roo_DataOnDemand.ajc$interMethod$uk_ac_bbk_bookface_domain_PersonDataOnDemand_Roo_DataOnDemand$uk_ac_bbk_bookface_domain_PersonDataOnDemand$init(PersonDataOnDemand_Roo_DataOnDemand.aj:109)
	at uk.ac.bbk.bookface.domain.PersonDataOnDemand.init(PersonDataOnDemand.java:1)
	at uk.ac.bbk.bookface.domain.PersonDataOnDemand_Roo_DataOnDemand.ajc$interMethodDispatch1$uk_ac_bbk_bookface_domain_PersonDataOnDemand_Roo_DataOnDemand$uk_ac_bbk_bookface_domain_PersonDataOnDemand$init(PersonDataOnDemand_Roo_DataOnDemand.aj)
	at uk.ac.bbk.bookface.domain.PersonDataOnDemand_Roo_DataOnDemand.ajc$interMethod$uk_ac_bbk_bookface_domain_PersonDataOnDemand_Roo_DataOnDemand$uk_ac_bbk_bookface_domain_PersonDataOnDemand$getRandomPerson(PersonDataOnDemand_Roo_DataOnDemand.aj:77)
	at uk.ac.bbk.bookface.domain.PersonDataOnDemand.getRandomPerson(PersonDataOnDemand.java:1)
	at uk.ac.bbk.bookface.domain.PersonDataOnDemand_Roo_DataOnDemand.ajc$interMethodDispatch1$uk_ac_bbk_bookface_domain_PersonDataOnDemand_Roo_DataOnDemand$uk_ac_bbk_bookface_domain_PersonDataOnDemand$getRandomPerson(PersonDataOnDemand_Roo_DataOnDemand.aj)
	at uk.ac.bbk.bookface.domain.PersonIntegrationTest_Roo_IntegrationTest.ajc$interMethod$uk_ac_bbk_bookface_domain_PersonIntegrationTest_Roo_IntegrationTest$uk_ac_bbk_bookface_domain_PersonIntegrationTest$testFlush(PersonIntegrationTest_Roo_IntegrationTest.aj:71)
	at uk.ac.bbk.bookface.domain.PersonIntegrationTest.testFlush(PersonIntegrationTest.java:1)
	at sun.reflect.NativeMethodAccessorImpl.invoke0(Native Method)
	at sun.reflect.NativeMethodAccessorImpl.invoke(Unknown Source)
	at sun.reflect.DelegatingMethodAccessorImpl.invoke(Unknown Source)
	at java.lang.reflect.Method.invoke(Unknown Source)
	at org.junit.runners.model.FrameworkMethod$1.runReflectiveCall(FrameworkMethod.java:45)
	at org.junit.internal.runners.model.ReflectiveCallable.run(ReflectiveCallable.java:15)
	at org.junit.runners.model.FrameworkMethod.invokeExplosively(FrameworkMethod.java:42)
	at org.junit.internal.runners.statements.InvokeMethod.evaluate(InvokeMethod.java:20)
	at org.springframework.test.context.junit4.statements.RunBeforeTestMethodCallbacks.evaluate(RunBeforeTestMethodCallbacks.java:74)
	at org.springframework.test.context.junit4.statements.RunAfterTestMethodCallbacks.evaluate(RunAfterTestMethodCallbacks.java:83)
	at org.springframework.test.context.junit4.statements.SpringRepeat.evaluate(SpringRepeat.java:72)
	at org.springframework.test.context.junit4.SpringJUnit4ClassRunner.runChild(SpringJUnit4ClassRunner.java:231)
	at org.springframework.test.context.junit4.SpringJUnit4ClassRunner.runChild(SpringJUnit4ClassRunner.java:88)
	at org.junit.runners.ParentRunner$3.run(ParentRunner.java:231)
	at org.junit.runners.ParentRunner$1.schedule(ParentRunner.java:60)
	at org.junit.runners.ParentRunner.runChildren(ParentRunner.java:229)
	at org.junit.runners.ParentRunner.access$000(ParentRunner.java:50)
	at org.junit.runners.ParentRunner$2.evaluate(ParentRunner.java:222)
	at org.springframework.test.context.junit4.statements.RunBeforeTestClassCallbacks.evaluate(RunBeforeTestClassCallbacks.java:61)
	at org.springframework.test.context.junit4.statements.RunAfterTestClassCallbacks.evaluate(RunAfterTestClassCallbacks.java:71)
	at org.junit.runners.ParentRunner.run(ParentRunner.java:300)
	at org.springframework.test.context.junit4.SpringJUnit4ClassRunner.run(SpringJUnit4ClassRunner.java:174)
	at org.apache.maven.surefire.junit4.JUnit4Provider.execute(JUnit4Provider.java:236)
	at org.apache.maven.surefire.junit4.JUnit4Provider.executeTestSet(JUnit4Provider.java:134)
	at org.apache.maven.surefire.junit4.JUnit4Provider.invoke(JUnit4Provider.java:113)
	at sun.reflect.NativeMethodAccessorImpl.invoke0(Native Method)
	at sun.reflect.NativeMethodAccessorImpl.invoke(Unknown Source)
	at sun.reflect.DelegatingMethodAccessorImpl.invoke(Unknown Source)
	at java.lang.reflect.Method.invoke(Unknown Source)
	at org.apache.maven.surefire.util.ReflectionUtils.invokeMethodWithArray(ReflectionUtils.java:189)
	at org.apache.maven.surefire.booter.ProviderFactory$ProviderProxy.invoke(ProviderFactory.java:165)
	at org.apache.maven.surefire.booter.ProviderFactory.invokeProvider(ProviderFactory.java:85)
	at org.apache.maven.surefire.booter.ForkedBooter.runSuitesInProcess(ForkedBooter.java:103)
	at org.apache.maven.surefire.booter.ForkedBooter.main(ForkedBooter.java:74)
Caused by: javax.validation.ConstraintViolationException: Validation failed for classes [uk.ac.bbk.bookface.domain.Person] during persist time for groups [javax.validation.groups.Default, ]
List of constraint violations:[
	ConstraintViolationImpl{interpolatedMessage=&apos;may not be null&apos;, propertyPath=identifier, rootBeanClass=class uk.ac.bbk.bookface.domain.Person, messageTemplate=&apos;{javax.validation.constraints.NotNull.message}&apos;}
]
	at org.hibernate.cfg.beanvalidation.BeanValidationEventListener.validate(BeanValidationEventListener.java:159)
	at org.hibernate.cfg.beanvalidation.BeanValidationEventListener.onPreInsert(BeanValidationEventListener.java:94)
	at org.hibernate.action.internal.EntityIdentityInsertAction.preInsert(EntityIdentityInsertAction.java:178)
	at org.hibernate.action.internal.EntityIdentityInsertAction.execute(EntityIdentityInsertAction.java:75)
	at org.hibernate.engine.spi.ActionQueue.execute(ActionQueue.java:362)
	at org.hibernate.engine.spi.ActionQueue.addResolvedEntityInsertAction(ActionQueue.java:203)
	at org.hibernate.engine.spi.ActionQueue.addInsertAction(ActionQueue.java:183)
	at org.hibernate.engine.spi.ActionQueue.addAction(ActionQueue.java:167)
	at org.hibernate.event.internal.AbstractSaveEventListener.addInsertAction(AbstractSaveEventListener.java:320)
	at org.hibernate.event.internal.AbstractSaveEventListener.performSaveOrReplicate(AbstractSaveEventListener.java:287)
	at org.hibernate.event.internal.AbstractSaveEventListener.performSave(AbstractSaveEventListener.java:193)
	at org.hibernate.event.internal.AbstractSaveEventListener.saveWithGeneratedId(AbstractSaveEventListener.java:126)
	at org.hibernate.ejb.event.EJB3PersistEventListener.saveWithGeneratedId(EJB3PersistEventListener.java:78)
	at org.hibernate.event.internal.DefaultPersistEventListener.entityIsTransient(DefaultPersistEventListener.java:208)
	at org.hibernate.event.internal.DefaultPersistEventListener.onPersist(DefaultPersistEventListener.java:151)
	at org.hibernate.event.internal.DefaultPersistEventListener.onPersist(DefaultPersistEventListener.java:78)
	at org.hibernate.internal.SessionImpl.firePersist(SessionImpl.java:843)
	at org.hibernate.internal.SessionImpl.persist(SessionImpl.java:818)
	at org.hibernate.internal.SessionImpl.persist(SessionImpl.java:822)
	at org.hibernate.ejb.AbstractEntityManagerImpl.persist(AbstractEntityManagerImpl.java:865)
	at sun.reflect.GeneratedMethodAccessor12.invoke(Unknown Source)
	at sun.reflect.DelegatingMethodAccessorImpl.invoke(Unknown Source)
	at java.lang.reflect.Method.invoke(Unknown Source)
	at org.springframework.orm.jpa.SharedEntityManagerCreator$SharedEntityManagerInvocationHandler.invoke(SharedEntityManagerCreator.java:240)
	at sun.proxy.$Proxy33.persist(Unknown Source)
	at uk.ac.bbk.bookface.domain.Person_Roo_Jpa_ActiveRecord.ajc$interMethod$uk_ac_bbk_bookface_domain_Person_Roo_Jpa_ActiveRecord$uk_ac_bbk_bookface_domain_Person$persist(Person_Roo_Jpa_ActiveRecord.aj:43)
	at uk.ac.bbk.bookface.domain.Person.persist(Person.java:1)
	at uk.ac.bbk.bookface.domain.Person_Roo_Jpa_ActiveRecord.ajc$interMethodDispatch1$uk_ac_bbk_bookface_domain_Person_Roo_Jpa_ActiveRecord$uk_ac_bbk_bookface_domain_Person$persist(Person_Roo_Jpa_ActiveRecord.aj)
	at uk.ac.bbk.bookface.domain.PersonDataOnDemand_Roo_DataOnDemand.ajc$interMethod$uk_ac_bbk_bookface_domain_PersonDataOnDemand_Roo_DataOnDemand$uk_ac_bbk_bookface_domain_PersonDataOnDemand$init(PersonDataOnDemand_Roo_DataOnDemand.aj:102)
	... 41 more
</error>
  </testcase>
  <testcase time="0" classname="uk.ac.bbk.bookface.domain.PersonIntegrationTest" name="testRemove">
    <error message="[ConstraintDescriptorImpl{annotation=javax.validation.constraints.NotNull, payloads=[], hasComposingConstraints=true, isReportAsSingleInvalidConstraint=false, elementType=FIELD, definedOn=DEFINED_LOCALLY, groups=[interface javax.validation.groups.Default], attributes={message={javax.validation.constraints.NotNull.message}, payload=[Ljava.lang.Class;@26ccfa41, groups=[Ljava.lang.Class;@5b41d54d}}:may not be null=null]" type="java.lang.RuntimeException">java.lang.RuntimeException: [ConstraintDescriptorImpl{annotation=javax.validation.constraints.NotNull, payloads=[], hasComposingConstraints=true, isReportAsSingleInvalidConstraint=false, elementType=FIELD, definedOn=DEFINED_LOCALLY, groups=[interface javax.validation.groups.Default], attributes={message={javax.validation.constraints.NotNull.message}, payload=[Ljava.lang.Class;@26ccfa41, groups=[Ljava.lang.Class;@5b41d54d}}:may not be null=null]
	at uk.ac.bbk.bookface.domain.PersonDataOnDemand_Roo_DataOnDemand.ajc$interMethod$uk_ac_bbk_bookface_domain_PersonDataOnDemand_Roo_DataOnDemand$uk_ac_bbk_bookface_domain_PersonDataOnDemand$init(PersonDataOnDemand_Roo_DataOnDemand.aj:109)
	at uk.ac.bbk.bookface.domain.PersonDataOnDemand.init(PersonDataOnDemand.java:1)
	at uk.ac.bbk.bookface.domain.PersonDataOnDemand_Roo_DataOnDemand.ajc$interMethodDispatch1$uk_ac_bbk_bookface_domain_PersonDataOnDemand_Roo_DataOnDemand$uk_ac_bbk_bookface_domain_PersonDataOnDemand$init(PersonDataOnDemand_Roo_DataOnDemand.aj)
	at uk.ac.bbk.bookface.domain.PersonDataOnDemand_Roo_DataOnDemand.ajc$interMethod$uk_ac_bbk_bookface_domain_PersonDataOnDemand_Roo_DataOnDemand$uk_ac_bbk_bookface_domain_PersonDataOnDemand$getRandomPerson(PersonDataOnDemand_Roo_DataOnDemand.aj:77)
	at uk.ac.bbk.bookface.domain.PersonDataOnDemand.getRandomPerson(PersonDataOnDemand.java:1)
	at uk.ac.bbk.bookface.domain.PersonDataOnDemand_Roo_DataOnDemand.ajc$interMethodDispatch1$uk_ac_bbk_bookface_domain_PersonDataOnDemand_Roo_DataOnDemand$uk_ac_bbk_bookface_domain_PersonDataOnDemand$getRandomPerson(PersonDataOnDemand_Roo_DataOnDemand.aj)
	at uk.ac.bbk.bookface.domain.PersonIntegrationTest_Roo_IntegrationTest.ajc$interMethod$uk_ac_bbk_bookface_domain_PersonIntegrationTest_Roo_IntegrationTest$uk_ac_bbk_bookface_domain_PersonIntegrationTest$testRemove(PersonIntegrationTest_Roo_IntegrationTest.aj:111)
	at uk.ac.bbk.bookface.domain.PersonIntegrationTest.testRemove(PersonIntegrationTest.java:1)
	at sun.reflect.NativeMethodAccessorImpl.invoke0(Native Method)
	at sun.reflect.NativeMethodAccessorImpl.invoke(Unknown Source)
	at sun.reflect.DelegatingMethodAccessorImpl.invoke(Unknown Source)
	at java.lang.reflect.Method.invoke(Unknown Source)
	at org.junit.runners.model.FrameworkMethod$1.runReflectiveCall(FrameworkMethod.java:45)
	at org.junit.internal.runners.model.ReflectiveCallable.run(ReflectiveCallable.java:15)
	at org.junit.runners.model.FrameworkMethod.invokeExplosively(FrameworkMethod.java:42)
	at org.junit.internal.runners.statements.InvokeMethod.evaluate(InvokeMethod.java:20)
	at org.springframework.test.context.junit4.statements.RunBeforeTestMethodCallbacks.evaluate(RunBeforeTestMethodCallbacks.java:74)
	at org.springframework.test.context.junit4.statements.RunAfterTestMethodCallbacks.evaluate(RunAfterTestMethodCallbacks.java:83)
	at org.springframework.test.context.junit4.statements.SpringRepeat.evaluate(SpringRepeat.java:72)
	at org.springframework.test.context.junit4.SpringJUnit4ClassRunner.runChild(SpringJUnit4ClassRunner.java:231)
	at org.springframework.test.context.junit4.SpringJUnit4ClassRunner.runChild(SpringJUnit4ClassRunner.java:88)
	at org.junit.runners.ParentRunner$3.run(ParentRunner.java:231)
	at org.junit.runners.ParentRunner$1.schedule(ParentRunner.java:60)
	at org.junit.runners.ParentRunner.runChildren(ParentRunner.java:229)
	at org.junit.runners.ParentRunner.access$000(ParentRunner.java:50)
	at org.junit.runners.ParentRunner$2.evaluate(ParentRunner.java:222)
	at org.springframework.test.context.junit4.statements.RunBeforeTestClassCallbacks.evaluate(RunBeforeTestClassCallbacks.java:61)
	at org.springframework.test.context.junit4.statements.RunAfterTestClassCallbacks.evaluate(RunAfterTestClassCallbacks.java:71)
	at org.junit.runners.ParentRunner.run(ParentRunner.java:300)
	at org.springframework.test.context.junit4.SpringJUnit4ClassRunner.run(SpringJUnit4ClassRunner.java:174)
	at org.apache.maven.surefire.junit4.JUnit4Provider.execute(JUnit4Provider.java:236)
	at org.apache.maven.surefire.junit4.JUnit4Provider.executeTestSet(JUnit4Provider.java:134)
	at org.apache.maven.surefire.junit4.JUnit4Provider.invoke(JUnit4Provider.java:113)
	at sun.reflect.NativeMethodAccessorImpl.invoke0(Native Method)
	at sun.reflect.NativeMethodAccessorImpl.invoke(Unknown Source)
	at sun.reflect.DelegatingMethodAccessorImpl.invoke(Unknown Source)
	at java.lang.reflect.Method.invoke(Unknown Source)
	at org.apache.maven.surefire.util.ReflectionUtils.invokeMethodWithArray(ReflectionUtils.java:189)
	at org.apache.maven.surefire.booter.ProviderFactory$ProviderProxy.invoke(ProviderFactory.java:165)
	at org.apache.maven.surefire.booter.ProviderFactory.invokeProvider(ProviderFactory.java:85)
	at org.apache.maven.surefire.booter.ForkedBooter.runSuitesInProcess(ForkedBooter.java:103)
	at org.apache.maven.surefire.booter.ForkedBooter.main(ForkedBooter.java:74)
Caused by: javax.validation.ConstraintViolationException: Validation failed for classes [uk.ac.bbk.bookface.domain.Person] during persist time for groups [javax.validation.groups.Default, ]
List of constraint violations:[
	ConstraintViolationImpl{interpolatedMessage=&apos;may not be null&apos;, propertyPath=identifier, rootBeanClass=class uk.ac.bbk.bookface.domain.Person, messageTemplate=&apos;{javax.validation.constraints.NotNull.message}&apos;}
]
	at org.hibernate.cfg.beanvalidation.BeanValidationEventListener.validate(BeanValidationEventListener.java:159)
	at org.hibernate.cfg.beanvalidation.BeanValidationEventListener.onPreInsert(BeanValidationEventListener.java:94)
	at org.hibernate.action.internal.EntityIdentityInsertAction.preInsert(EntityIdentityInsertAction.java:178)
	at org.hibernate.action.internal.EntityIdentityInsertAction.execute(EntityIdentityInsertAction.java:75)
	at org.hibernate.engine.spi.ActionQueue.execute(ActionQueue.java:362)
	at org.hibernate.engine.spi.ActionQueue.addResolvedEntityInsertAction(ActionQueue.java:203)
	at org.hibernate.engine.spi.ActionQueue.addInsertAction(ActionQueue.java:183)
	at org.hibernate.engine.spi.ActionQueue.addAction(ActionQueue.java:167)
	at org.hibernate.event.internal.AbstractSaveEventListener.addInsertAction(AbstractSaveEventListener.java:320)
	at org.hibernate.event.internal.AbstractSaveEventListener.performSaveOrReplicate(AbstractSaveEventListener.java:287)
	at org.hibernate.event.internal.AbstractSaveEventListener.performSave(AbstractSaveEventListener.java:193)
	at org.hibernate.event.internal.AbstractSaveEventListener.saveWithGeneratedId(AbstractSaveEventListener.java:126)
	at org.hibernate.ejb.event.EJB3PersistEventListener.saveWithGeneratedId(EJB3PersistEventListener.java:78)
	at org.hibernate.event.internal.DefaultPersistEventListener.entityIsTransient(DefaultPersistEventListener.java:208)
	at org.hibernate.event.internal.DefaultPersistEventListener.onPersist(DefaultPersistEventListener.java:151)
	at org.hibernate.event.internal.DefaultPersistEventListener.onPersist(DefaultPersistEventListener.java:78)
	at org.hibernate.internal.SessionImpl.firePersist(SessionImpl.java:843)
	at org.hibernate.internal.SessionImpl.persist(SessionImpl.java:818)
	at org.hibernate.internal.SessionImpl.persist(SessionImpl.java:822)
	at org.hibernate.ejb.AbstractEntityManagerImpl.persist(AbstractEntityManagerImpl.java:865)
	at sun.reflect.GeneratedMethodAccessor12.invoke(Unknown Source)
	at sun.reflect.DelegatingMethodAccessorImpl.invoke(Unknown Source)
	at java.lang.reflect.Method.invoke(Unknown Source)
	at org.springframework.orm.jpa.SharedEntityManagerCreator$SharedEntityManagerInvocationHandler.invoke(SharedEntityManagerCreator.java:240)
	at sun.proxy.$Proxy33.persist(Unknown Source)
	at uk.ac.bbk.bookface.domain.Person_Roo_Jpa_ActiveRecord.ajc$interMethod$uk_ac_bbk_bookface_domain_Person_Roo_Jpa_ActiveRecord$uk_ac_bbk_bookface_domain_Person$persist(Person_Roo_Jpa_ActiveRecord.aj:43)
	at uk.ac.bbk.bookface.domain.Person.persist(Person.java:1)
	at uk.ac.bbk.bookface.domain.Person_Roo_Jpa_ActiveRecord.ajc$interMethodDispatch1$uk_ac_bbk_bookface_domain_Person_Roo_Jpa_ActiveRecord$uk_ac_bbk_bookface_domain_Person$persist(Person_Roo_Jpa_ActiveRecord.aj)
	at uk.ac.bbk.bookface.domain.PersonDataOnDemand_Roo_DataOnDemand.ajc$interMethod$uk_ac_bbk_bookface_domain_PersonDataOnDemand_Roo_DataOnDemand$uk_ac_bbk_bookface_domain_PersonDataOnDemand$init(PersonDataOnDemand_Roo_DataOnDemand.aj:102)
	... 41 more
</error>
  </testcase>
  <testcase time="0" classname="uk.ac.bbk.bookface.domain.PersonIntegrationTest" name="testPersist">
    <error message="[ConstraintDescriptorImpl{annotation=javax.validation.constraints.NotNull, payloads=[], hasComposingConstraints=true, isReportAsSingleInvalidConstraint=false, elementType=FIELD, definedOn=DEFINED_LOCALLY, groups=[interface javax.validation.groups.Default], attributes={message={javax.validation.constraints.NotNull.message}, payload=[Ljava.lang.Class;@26ccfa41, groups=[Ljava.lang.Class;@5b41d54d}}:may not be null=null]" type="java.lang.RuntimeException">java.lang.RuntimeException: [ConstraintDescriptorImpl{annotation=javax.validation.constraints.NotNull, payloads=[], hasComposingConstraints=true, isReportAsSingleInvalidConstraint=false, elementType=FIELD, definedOn=DEFINED_LOCALLY, groups=[interface javax.validation.groups.Default], attributes={message={javax.validation.constraints.NotNull.message}, payload=[Ljava.lang.Class;@26ccfa41, groups=[Ljava.lang.Class;@5b41d54d}}:may not be null=null]
	at uk.ac.bbk.bookface.domain.PersonDataOnDemand_Roo_DataOnDemand.ajc$interMethod$uk_ac_bbk_bookface_domain_PersonDataOnDemand_Roo_DataOnDemand$uk_ac_bbk_bookface_domain_PersonDataOnDemand$init(PersonDataOnDemand_Roo_DataOnDemand.aj:109)
	at uk.ac.bbk.bookface.domain.PersonDataOnDemand.init(PersonDataOnDemand.java:1)
	at uk.ac.bbk.bookface.domain.PersonDataOnDemand_Roo_DataOnDemand.ajc$interMethodDispatch1$uk_ac_bbk_bookface_domain_PersonDataOnDemand_Roo_DataOnDemand$uk_ac_bbk_bookface_domain_PersonDataOnDemand$init(PersonDataOnDemand_Roo_DataOnDemand.aj)
	at uk.ac.bbk.bookface.domain.PersonDataOnDemand_Roo_DataOnDemand.ajc$interMethod$uk_ac_bbk_bookface_domain_PersonDataOnDemand_Roo_DataOnDemand$uk_ac_bbk_bookface_domain_PersonDataOnDemand$getRandomPerson(PersonDataOnDemand_Roo_DataOnDemand.aj:77)
	at uk.ac.bbk.bookface.domain.PersonDataOnDemand.getRandomPerson(PersonDataOnDemand.java:1)
	at uk.ac.bbk.bookface.domain.PersonDataOnDemand_Roo_DataOnDemand.ajc$interMethodDispatch1$uk_ac_bbk_bookface_domain_PersonDataOnDemand_Roo_DataOnDemand$uk_ac_bbk_bookface_domain_PersonDataOnDemand$getRandomPerson(PersonDataOnDemand_Roo_DataOnDemand.aj)
	at uk.ac.bbk.bookface.domain.PersonIntegrationTest_Roo_IntegrationTest.ajc$interMethod$uk_ac_bbk_bookface_domain_PersonIntegrationTest_Roo_IntegrationTest$uk_ac_bbk_bookface_domain_PersonIntegrationTest$testPersist(PersonIntegrationTest_Roo_IntegrationTest.aj:100)
	at uk.ac.bbk.bookface.domain.PersonIntegrationTest.testPersist(PersonIntegrationTest.java:1)
	at sun.reflect.NativeMethodAccessorImpl.invoke0(Native Method)
	at sun.reflect.NativeMethodAccessorImpl.invoke(Unknown Source)
	at sun.reflect.DelegatingMethodAccessorImpl.invoke(Unknown Source)
	at java.lang.reflect.Method.invoke(Unknown Source)
	at org.junit.runners.model.FrameworkMethod$1.runReflectiveCall(FrameworkMethod.java:45)
	at org.junit.internal.runners.model.ReflectiveCallable.run(ReflectiveCallable.java:15)
	at org.junit.runners.model.FrameworkMethod.invokeExplosively(FrameworkMethod.java:42)
	at org.junit.internal.runners.statements.InvokeMethod.evaluate(InvokeMethod.java:20)
	at org.springframework.test.context.junit4.statements.RunBeforeTestMethodCallbacks.evaluate(RunBeforeTestMethodCallbacks.java:74)
	at org.springframework.test.context.junit4.statements.RunAfterTestMethodCallbacks.evaluate(RunAfterTestMethodCallbacks.java:83)
	at org.springframework.test.context.junit4.statements.SpringRepeat.evaluate(SpringRepeat.java:72)
	at org.springframework.test.context.junit4.SpringJUnit4ClassRunner.runChild(SpringJUnit4ClassRunner.java:231)
	at org.springframework.test.context.junit4.SpringJUnit4ClassRunner.runChild(SpringJUnit4ClassRunner.java:88)
	at org.junit.runners.ParentRunner$3.run(ParentRunner.java:231)
	at org.junit.runners.ParentRunner$1.schedule(ParentRunner.java:60)
	at org.junit.runners.ParentRunner.runChildren(ParentRunner.java:229)
	at org.junit.runners.ParentRunner.access$000(ParentRunner.java:50)
	at org.junit.runners.ParentRunner$2.evaluate(ParentRunner.java:222)
	at org.springframework.test.context.junit4.statements.RunBeforeTestClassCallbacks.evaluate(RunBeforeTestClassCallbacks.java:61)
	at org.springframework.test.context.junit4.statements.RunAfterTestClassCallbacks.evaluate(RunAfterTestClassCallbacks.java:71)
	at org.junit.runners.ParentRunner.run(ParentRunner.java:300)
	at org.springframework.test.context.junit4.SpringJUnit4ClassRunner.run(SpringJUnit4ClassRunner.java:174)
	at org.apache.maven.surefire.junit4.JUnit4Provider.execute(JUnit4Provider.java:236)
	at org.apache.maven.surefire.junit4.JUnit4Provider.executeTestSet(JUnit4Provider.java:134)
	at org.apache.maven.surefire.junit4.JUnit4Provider.invoke(JUnit4Provider.java:113)
	at sun.reflect.NativeMethodAccessorImpl.invoke0(Native Method)
	at sun.reflect.NativeMethodAccessorImpl.invoke(Unknown Source)
	at sun.reflect.DelegatingMethodAccessorImpl.invoke(Unknown Source)
	at java.lang.reflect.Method.invoke(Unknown Source)
	at org.apache.maven.surefire.util.ReflectionUtils.invokeMethodWithArray(ReflectionUtils.java:189)
	at org.apache.maven.surefire.booter.ProviderFactory$ProviderProxy.invoke(ProviderFactory.java:165)
	at org.apache.maven.surefire.booter.ProviderFactory.invokeProvider(ProviderFactory.java:85)
	at org.apache.maven.surefire.booter.ForkedBooter.runSuitesInProcess(ForkedBooter.java:103)
	at org.apache.maven.surefire.booter.ForkedBooter.main(ForkedBooter.java:74)
Caused by: javax.validation.ConstraintViolationException: Validation failed for classes [uk.ac.bbk.bookface.domain.Person] during persist time for groups [javax.validation.groups.Default, ]
List of constraint violations:[
	ConstraintViolationImpl{interpolatedMessage=&apos;may not be null&apos;, propertyPath=identifier, rootBeanClass=class uk.ac.bbk.bookface.domain.Person, messageTemplate=&apos;{javax.validation.constraints.NotNull.message}&apos;}
]
	at org.hibernate.cfg.beanvalidation.BeanValidationEventListener.validate(BeanValidationEventListener.java:159)
	at org.hibernate.cfg.beanvalidation.BeanValidationEventListener.onPreInsert(BeanValidationEventListener.java:94)
	at org.hibernate.action.internal.EntityIdentityInsertAction.preInsert(EntityIdentityInsertAction.java:178)
	at org.hibernate.action.internal.EntityIdentityInsertAction.execute(EntityIdentityInsertAction.java:75)
	at org.hibernate.engine.spi.ActionQueue.execute(ActionQueue.java:362)
	at org.hibernate.engine.spi.ActionQueue.addResolvedEntityInsertAction(ActionQueue.java:203)
	at org.hibernate.engine.spi.ActionQueue.addInsertAction(ActionQueue.java:183)
	at org.hibernate.engine.spi.ActionQueue.addAction(ActionQueue.java:167)
	at org.hibernate.event.internal.AbstractSaveEventListener.addInsertAction(AbstractSaveEventListener.java:320)
	at org.hibernate.event.internal.AbstractSaveEventListener.performSaveOrReplicate(AbstractSaveEventListener.java:287)
	at org.hibernate.event.internal.AbstractSaveEventListener.performSave(AbstractSaveEventListener.java:193)
	at org.hibernate.event.internal.AbstractSaveEventListener.saveWithGeneratedId(AbstractSaveEventListener.java:126)
	at org.hibernate.ejb.event.EJB3PersistEventListener.saveWithGeneratedId(EJB3PersistEventListener.java:78)
	at org.hibernate.event.internal.DefaultPersistEventListener.entityIsTransient(DefaultPersistEventListener.java:208)
	at org.hibernate.event.internal.DefaultPersistEventListener.onPersist(DefaultPersistEventListener.java:151)
	at org.hibernate.event.internal.DefaultPersistEventListener.onPersist(DefaultPersistEventListener.java:78)
	at org.hibernate.internal.SessionImpl.firePersist(SessionImpl.java:843)
	at org.hibernate.internal.SessionImpl.persist(SessionImpl.java:818)
	at org.hibernate.internal.SessionImpl.persist(SessionImpl.java:822)
	at org.hibernate.ejb.AbstractEntityManagerImpl.persist(AbstractEntityManagerImpl.java:865)
	at sun.reflect.GeneratedMethodAccessor12.invoke(Unknown Source)
	at sun.reflect.DelegatingMethodAccessorImpl.invoke(Unknown Source)
	at java.lang.reflect.Method.invoke(Unknown Source)
	at org.springframework.orm.jpa.SharedEntityManagerCreator$SharedEntityManagerInvocationHandler.invoke(SharedEntityManagerCreator.java:240)
	at sun.proxy.$Proxy33.persist(Unknown Source)
	at uk.ac.bbk.bookface.domain.Person_Roo_Jpa_ActiveRecord.ajc$interMethod$uk_ac_bbk_bookface_domain_Person_Roo_Jpa_ActiveRecord$uk_ac_bbk_bookface_domain_Person$persist(Person_Roo_Jpa_ActiveRecord.aj:43)
	at uk.ac.bbk.bookface.domain.Person.persist(Person.java:1)
	at uk.ac.bbk.bookface.domain.Person_Roo_Jpa_ActiveRecord.ajc$interMethodDispatch1$uk_ac_bbk_bookface_domain_Person_Roo_Jpa_ActiveRecord$uk_ac_bbk_bookface_domain_Person$persist(Person_Roo_Jpa_ActiveRecord.aj)
	at uk.ac.bbk.bookface.domain.PersonDataOnDemand_Roo_DataOnDemand.ajc$interMethod$uk_ac_bbk_bookface_domain_PersonDataOnDemand_Roo_DataOnDemand$uk_ac_bbk_bookface_domain_PersonDataOnDemand$init(PersonDataOnDemand_Roo_DataOnDemand.aj:102)
	... 41 more
</error>
  </testcase>
  <testcase time="0" classname="uk.ac.bbk.bookface.domain.PersonIntegrationTest" name="testMarkerMethod"/>
  <testcase time="0" classname="uk.ac.bbk.bookface.domain.PersonIntegrationTest" name="testMergeUpdate">
    <error message="[ConstraintDescriptorImpl{annotation=javax.validation.constraints.NotNull, payloads=[], hasComposingConstraints=true, isReportAsSingleInvalidConstraint=false, elementType=FIELD, definedOn=DEFINED_LOCALLY, groups=[interface javax.validation.groups.Default], attributes={message={javax.validation.constraints.NotNull.message}, payload=[Ljava.lang.Class;@26ccfa41, groups=[Ljava.lang.Class;@5b41d54d}}:may not be null=null]" type="java.lang.RuntimeException">java.lang.RuntimeException: [ConstraintDescriptorImpl{annotation=javax.validation.constraints.NotNull, payloads=[], hasComposingConstraints=true, isReportAsSingleInvalidConstraint=false, elementType=FIELD, definedOn=DEFINED_LOCALLY, groups=[interface javax.validation.groups.Default], attributes={message={javax.validation.constraints.NotNull.message}, payload=[Ljava.lang.Class;@26ccfa41, groups=[Ljava.lang.Class;@5b41d54d}}:may not be null=null]
	at uk.ac.bbk.bookface.domain.PersonDataOnDemand_Roo_DataOnDemand.ajc$interMethod$uk_ac_bbk_bookface_domain_PersonDataOnDemand_Roo_DataOnDemand$uk_ac_bbk_bookface_domain_PersonDataOnDemand$init(PersonDataOnDemand_Roo_DataOnDemand.aj:109)
	at uk.ac.bbk.bookface.domain.PersonDataOnDemand.init(PersonDataOnDemand.java:1)
	at uk.ac.bbk.bookface.domain.PersonDataOnDemand_Roo_DataOnDemand.ajc$interMethodDispatch1$uk_ac_bbk_bookface_domain_PersonDataOnDemand_Roo_DataOnDemand$uk_ac_bbk_bookface_domain_PersonDataOnDemand$init(PersonDataOnDemand_Roo_DataOnDemand.aj)
	at uk.ac.bbk.bookface.domain.PersonDataOnDemand_Roo_DataOnDemand.ajc$interMethod$uk_ac_bbk_bookface_domain_PersonDataOnDemand_Roo_DataOnDemand$uk_ac_bbk_bookface_domain_PersonDataOnDemand$getRandomPerson(PersonDataOnDemand_Roo_DataOnDemand.aj:77)
	at uk.ac.bbk.bookface.domain.PersonDataOnDemand.getRandomPerson(PersonDataOnDemand.java:1)
	at uk.ac.bbk.bookface.domain.PersonDataOnDemand_Roo_DataOnDemand.ajc$interMethodDispatch1$uk_ac_bbk_bookface_domain_PersonDataOnDemand_Roo_DataOnDemand$uk_ac_bbk_bookface_domain_PersonDataOnDemand$getRandomPerson(PersonDataOnDemand_Roo_DataOnDemand.aj)
	at uk.ac.bbk.bookface.domain.PersonIntegrationTest_Roo_IntegrationTest.ajc$interMethod$uk_ac_bbk_bookface_domain_PersonIntegrationTest_Roo_IntegrationTest$uk_ac_bbk_bookface_domain_PersonIntegrationTest$testMergeUpdate(PersonIntegrationTest_Roo_IntegrationTest.aj:85)
	at uk.ac.bbk.bookface.domain.PersonIntegrationTest.testMergeUpdate(PersonIntegrationTest.java:1)
	at sun.reflect.NativeMethodAccessorImpl.invoke0(Native Method)
	at sun.reflect.NativeMethodAccessorImpl.invoke(Unknown Source)
	at sun.reflect.DelegatingMethodAccessorImpl.invoke(Unknown Source)
	at java.lang.reflect.Method.invoke(Unknown Source)
	at org.junit.runners.model.FrameworkMethod$1.runReflectiveCall(FrameworkMethod.java:45)
	at org.junit.internal.runners.model.ReflectiveCallable.run(ReflectiveCallable.java:15)
	at org.junit.runners.model.FrameworkMethod.invokeExplosively(FrameworkMethod.java:42)
	at org.junit.internal.runners.statements.InvokeMethod.evaluate(InvokeMethod.java:20)
	at org.springframework.test.context.junit4.statements.RunBeforeTestMethodCallbacks.evaluate(RunBeforeTestMethodCallbacks.java:74)
	at org.springframework.test.context.junit4.statements.RunAfterTestMethodCallbacks.evaluate(RunAfterTestMethodCallbacks.java:83)
	at org.springframework.test.context.junit4.statements.SpringRepeat.evaluate(SpringRepeat.java:72)
	at org.springframework.test.context.junit4.SpringJUnit4ClassRunner.runChild(SpringJUnit4ClassRunner.java:231)
	at org.springframework.test.context.junit4.SpringJUnit4ClassRunner.runChild(SpringJUnit4ClassRunner.java:88)
	at org.junit.runners.ParentRunner$3.run(ParentRunner.java:231)
	at org.junit.runners.ParentRunner$1.schedule(ParentRunner.java:60)
	at org.junit.runners.ParentRunner.runChildren(ParentRunner.java:229)
	at org.junit.runners.ParentRunner.access$000(ParentRunner.java:50)
	at org.junit.runners.ParentRunner$2.evaluate(ParentRunner.java:222)
	at org.springframework.test.context.junit4.statements.RunBeforeTestClassCallbacks.evaluate(RunBeforeTestClassCallbacks.java:61)
	at org.springframework.test.context.junit4.statements.RunAfterTestClassCallbacks.evaluate(RunAfterTestClassCallbacks.java:71)
	at org.junit.runners.ParentRunner.run(ParentRunner.java:300)
	at org.springframework.test.context.junit4.SpringJUnit4ClassRunner.run(SpringJUnit4ClassRunner.java:174)
	at org.apache.maven.surefire.junit4.JUnit4Provider.execute(JUnit4Provider.java:236)
	at org.apache.maven.surefire.junit4.JUnit4Provider.executeTestSet(JUnit4Provider.java:134)
	at org.apache.maven.surefire.junit4.JUnit4Provider.invoke(JUnit4Provider.java:113)
	at sun.reflect.NativeMethodAccessorImpl.invoke0(Native Method)
	at sun.reflect.NativeMethodAccessorImpl.invoke(Unknown Source)
	at sun.reflect.DelegatingMethodAccessorImpl.invoke(Unknown Source)
	at java.lang.reflect.Method.invoke(Unknown Source)
	at org.apache.maven.surefire.util.ReflectionUtils.invokeMethodWithArray(ReflectionUtils.java:189)
	at org.apache.maven.surefire.booter.ProviderFactory$ProviderProxy.invoke(ProviderFactory.java:165)
	at org.apache.maven.surefire.booter.ProviderFactory.invokeProvider(ProviderFactory.java:85)
	at org.apache.maven.surefire.booter.ForkedBooter.runSuitesInProcess(ForkedBooter.java:103)
	at org.apache.maven.surefire.booter.ForkedBooter.main(ForkedBooter.java:74)
Caused by: javax.validation.ConstraintViolationException: Validation failed for classes [uk.ac.bbk.bookface.domain.Person] during persist time for groups [javax.validation.groups.Default, ]
List of constraint violations:[
	ConstraintViolationImpl{interpolatedMessage=&apos;may not be null&apos;, propertyPath=identifier, rootBeanClass=class uk.ac.bbk.bookface.domain.Person, messageTemplate=&apos;{javax.validation.constraints.NotNull.message}&apos;}
]
	at org.hibernate.cfg.beanvalidation.BeanValidationEventListener.validate(BeanValidationEventListener.java:159)
	at org.hibernate.cfg.beanvalidation.BeanValidationEventListener.onPreInsert(BeanValidationEventListener.java:94)
	at org.hibernate.action.internal.EntityIdentityInsertAction.preInsert(EntityIdentityInsertAction.java:178)
	at org.hibernate.action.internal.EntityIdentityInsertAction.execute(EntityIdentityInsertAction.java:75)
	at org.hibernate.engine.spi.ActionQueue.execute(ActionQueue.java:362)
	at org.hibernate.engine.spi.ActionQueue.addResolvedEntityInsertAction(ActionQueue.java:203)
	at org.hibernate.engine.spi.ActionQueue.addInsertAction(ActionQueue.java:183)
	at org.hibernate.engine.spi.ActionQueue.addAction(ActionQueue.java:167)
	at org.hibernate.event.internal.AbstractSaveEventListener.addInsertAction(AbstractSaveEventListener.java:320)
	at org.hibernate.event.internal.AbstractSaveEventListener.performSaveOrReplicate(AbstractSaveEventListener.java:287)
	at org.hibernate.event.internal.AbstractSaveEventListener.performSave(AbstractSaveEventListener.java:193)
	at org.hibernate.event.internal.AbstractSaveEventListener.saveWithGeneratedId(AbstractSaveEventListener.java:126)
	at org.hibernate.ejb.event.EJB3PersistEventListener.saveWithGeneratedId(EJB3PersistEventListener.java:78)
	at org.hibernate.event.internal.DefaultPersistEventListener.entityIsTransient(DefaultPersistEventListener.java:208)
	at org.hibernate.event.internal.DefaultPersistEventListener.onPersist(DefaultPersistEventListener.java:151)
	at org.hibernate.event.internal.DefaultPersistEventListener.onPersist(DefaultPersistEventListener.java:78)
	at org.hibernate.internal.SessionImpl.firePersist(SessionImpl.java:843)
	at org.hibernate.internal.SessionImpl.persist(SessionImpl.java:818)
	at org.hibernate.internal.SessionImpl.persist(SessionImpl.java:822)
	at org.hibernate.ejb.AbstractEntityManagerImpl.persist(AbstractEntityManagerImpl.java:865)
	at sun.reflect.GeneratedMethodAccessor12.invoke(Unknown Source)
	at sun.reflect.DelegatingMethodAccessorImpl.invoke(Unknown Source)
	at java.lang.reflect.Method.invoke(Unknown Source)
	at org.springframework.orm.jpa.SharedEntityManagerCreator$SharedEntityManagerInvocationHandler.invoke(SharedEntityManagerCreator.java:240)
	at sun.proxy.$Proxy33.persist(Unknown Source)
	at uk.ac.bbk.bookface.domain.Person_Roo_Jpa_ActiveRecord.ajc$interMethod$uk_ac_bbk_bookface_domain_Person_Roo_Jpa_ActiveRecord$uk_ac_bbk_bookface_domain_Person$persist(Person_Roo_Jpa_ActiveRecord.aj:43)
	at uk.ac.bbk.bookface.domain.Person.persist(Person.java:1)
	at uk.ac.bbk.bookface.domain.Person_Roo_Jpa_ActiveRecord.ajc$interMethodDispatch1$uk_ac_bbk_bookface_domain_Person_Roo_Jpa_ActiveRecord$uk_ac_bbk_bookface_domain_Person$persist(Person_Roo_Jpa_ActiveRecord.aj)
	at uk.ac.bbk.bookface.domain.PersonDataOnDemand_Roo_DataOnDemand.ajc$interMethod$uk_ac_bbk_bookface_domain_PersonDataOnDemand_Roo_DataOnDemand$uk_ac_bbk_bookface_domain_PersonDataOnDemand$init(PersonDataOnDemand_Roo_DataOnDemand.aj:102)
	... 41 more
</error>
  </testcase>
  <testcase time="0.046" classname="uk.ac.bbk.bookface.domain.PersonIntegrationTest" name="testFindPersonEntries">
    <error message="[ConstraintDescriptorImpl{annotation=javax.validation.constraints.NotNull, payloads=[], hasComposingConstraints=true, isReportAsSingleInvalidConstraint=false, elementType=FIELD, definedOn=DEFINED_LOCALLY, groups=[interface javax.validation.groups.Default], attributes={message={javax.validation.constraints.NotNull.message}, payload=[Ljava.lang.Class;@26ccfa41, groups=[Ljava.lang.Class;@5b41d54d}}:may not be null=null]" type="java.lang.RuntimeException">java.lang.RuntimeException: [ConstraintDescriptorImpl{annotation=javax.validation.constraints.NotNull, payloads=[], hasComposingConstraints=true, isReportAsSingleInvalidConstraint=false, elementType=FIELD, definedOn=DEFINED_LOCALLY, groups=[interface javax.validation.groups.Default], attributes={message={javax.validation.constraints.NotNull.message}, payload=[Ljava.lang.Class;@26ccfa41, groups=[Ljava.lang.Class;@5b41d54d}}:may not be null=null]
	at uk.ac.bbk.bookface.domain.PersonDataOnDemand_Roo_DataOnDemand.ajc$interMethod$uk_ac_bbk_bookface_domain_PersonDataOnDemand_Roo_DataOnDemand$uk_ac_bbk_bookface_domain_PersonDataOnDemand$init(PersonDataOnDemand_Roo_DataOnDemand.aj:109)
	at uk.ac.bbk.bookface.domain.PersonDataOnDemand.init(PersonDataOnDemand.java:1)
	at uk.ac.bbk.bookface.domain.PersonDataOnDemand_Roo_DataOnDemand.ajc$interMethodDispatch1$uk_ac_bbk_bookface_domain_PersonDataOnDemand_Roo_DataOnDemand$uk_ac_bbk_bookface_domain_PersonDataOnDemand$init(PersonDataOnDemand_Roo_DataOnDemand.aj)
	at uk.ac.bbk.bookface.domain.PersonDataOnDemand_Roo_DataOnDemand.ajc$interMethod$uk_ac_bbk_bookface_domain_PersonDataOnDemand_Roo_DataOnDemand$uk_ac_bbk_bookface_domain_PersonDataOnDemand$getRandomPerson(PersonDataOnDemand_Roo_DataOnDemand.aj:77)
	at uk.ac.bbk.bookface.domain.PersonDataOnDemand.getRandomPerson(PersonDataOnDemand.java:1)
	at uk.ac.bbk.bookface.domain.PersonDataOnDemand_Roo_DataOnDemand.ajc$interMethodDispatch1$uk_ac_bbk_bookface_domain_PersonDataOnDemand_Roo_DataOnDemand$uk_ac_bbk_bookface_domain_PersonDataOnDemand$getRandomPerson(PersonDataOnDemand_Roo_DataOnDemand.aj)
	at uk.ac.bbk.bookface.domain.PersonIntegrationTest_Roo_IntegrationTest.ajc$interMethod$uk_ac_bbk_bookface_domain_PersonIntegrationTest_Roo_IntegrationTest$uk_ac_bbk_bookface_domain_PersonIntegrationTest$testFindPersonEntries(PersonIntegrationTest_Roo_IntegrationTest.aj:59)
	at uk.ac.bbk.bookface.domain.PersonIntegrationTest.testFindPersonEntries(PersonIntegrationTest.java:1)
	at sun.reflect.NativeMethodAccessorImpl.invoke0(Native Method)
	at sun.reflect.NativeMethodAccessorImpl.invoke(Unknown Source)
	at sun.reflect.DelegatingMethodAccessorImpl.invoke(Unknown Source)
	at java.lang.reflect.Method.invoke(Unknown Source)
	at org.junit.runners.model.FrameworkMethod$1.runReflectiveCall(FrameworkMethod.java:45)
	at org.junit.internal.runners.model.ReflectiveCallable.run(ReflectiveCallable.java:15)
	at org.junit.runners.model.FrameworkMethod.invokeExplosively(FrameworkMethod.java:42)
	at org.junit.internal.runners.statements.InvokeMethod.evaluate(InvokeMethod.java:20)
	at org.springframework.test.context.junit4.statements.RunBeforeTestMethodCallbacks.evaluate(RunBeforeTestMethodCallbacks.java:74)
	at org.springframework.test.context.junit4.statements.RunAfterTestMethodCallbacks.evaluate(RunAfterTestMethodCallbacks.java:83)
	at org.springframework.test.context.junit4.statements.SpringRepeat.evaluate(SpringRepeat.java:72)
	at org.springframework.test.context.junit4.SpringJUnit4ClassRunner.runChild(SpringJUnit4ClassRunner.java:231)
	at org.springframework.test.context.junit4.SpringJUnit4ClassRunner.runChild(SpringJUnit4ClassRunner.java:88)
	at org.junit.runners.ParentRunner$3.run(ParentRunner.java:231)
	at org.junit.runners.ParentRunner$1.schedule(ParentRunner.java:60)
	at org.junit.runners.ParentRunner.runChildren(ParentRunner.java:229)
	at org.junit.runners.ParentRunner.access$000(ParentRunner.java:50)
	at org.junit.runners.ParentRunner$2.evaluate(ParentRunner.java:222)
	at org.springframework.test.context.junit4.statements.RunBeforeTestClassCallbacks.evaluate(RunBeforeTestClassCallbacks.java:61)
	at org.springframework.test.context.junit4.statements.RunAfterTestClassCallbacks.evaluate(RunAfterTestClassCallbacks.java:71)
	at org.junit.runners.ParentRunner.run(ParentRunner.java:300)
	at org.springframework.test.context.junit4.SpringJUnit4ClassRunner.run(SpringJUnit4ClassRunner.java:174)
	at org.apache.maven.surefire.junit4.JUnit4Provider.execute(JUnit4Provider.java:236)
	at org.apache.maven.surefire.junit4.JUnit4Provider.executeTestSet(JUnit4Provider.java:134)
	at org.apache.maven.surefire.junit4.JUnit4Provider.invoke(JUnit4Provider.java:113)
	at sun.reflect.NativeMethodAccessorImpl.invoke0(Native Method)
	at sun.reflect.NativeMethodAccessorImpl.invoke(Unknown Source)
	at sun.reflect.DelegatingMethodAccessorImpl.invoke(Unknown Source)
	at java.lang.reflect.Method.invoke(Unknown Source)
	at org.apache.maven.surefire.util.ReflectionUtils.invokeMethodWithArray(ReflectionUtils.java:189)
	at org.apache.maven.surefire.booter.ProviderFactory$ProviderProxy.invoke(ProviderFactory.java:165)
	at org.apache.maven.surefire.booter.ProviderFactory.invokeProvider(ProviderFactory.java:85)
	at org.apache.maven.surefire.booter.ForkedBooter.runSuitesInProcess(ForkedBooter.java:103)
	at org.apache.maven.surefire.booter.ForkedBooter.main(ForkedBooter.java:74)
Caused by: javax.validation.ConstraintViolationException: Validation failed for classes [uk.ac.bbk.bookface.domain.Person] during persist time for groups [javax.validation.groups.Default, ]
List of constraint violations:[
	ConstraintViolationImpl{interpolatedMessage=&apos;may not be null&apos;, propertyPath=identifier, rootBeanClass=class uk.ac.bbk.bookface.domain.Person, messageTemplate=&apos;{javax.validation.constraints.NotNull.message}&apos;}
]
	at org.hibernate.cfg.beanvalidation.BeanValidationEventListener.validate(BeanValidationEventListener.java:159)
	at org.hibernate.cfg.beanvalidation.BeanValidationEventListener.onPreInsert(BeanValidationEventListener.java:94)
	at org.hibernate.action.internal.EntityIdentityInsertAction.preInsert(EntityIdentityInsertAction.java:178)
	at org.hibernate.action.internal.EntityIdentityInsertAction.execute(EntityIdentityInsertAction.java:75)
	at org.hibernate.engine.spi.ActionQueue.execute(ActionQueue.java:362)
	at org.hibernate.engine.spi.ActionQueue.addResolvedEntityInsertAction(ActionQueue.java:203)
	at org.hibernate.engine.spi.ActionQueue.addInsertAction(ActionQueue.java:183)
	at org.hibernate.engine.spi.ActionQueue.addAction(ActionQueue.java:167)
	at org.hibernate.event.internal.AbstractSaveEventListener.addInsertAction(AbstractSaveEventListener.java:320)
	at org.hibernate.event.internal.AbstractSaveEventListener.performSaveOrReplicate(AbstractSaveEventListener.java:287)
	at org.hibernate.event.internal.AbstractSaveEventListener.performSave(AbstractSaveEventListener.java:193)
	at org.hibernate.event.internal.AbstractSaveEventListener.saveWithGeneratedId(AbstractSaveEventListener.java:126)
	at org.hibernate.ejb.event.EJB3PersistEventListener.saveWithGeneratedId(EJB3PersistEventListener.java:78)
	at org.hibernate.event.internal.DefaultPersistEventListener.entityIsTransient(DefaultPersistEventListener.java:208)
	at org.hibernate.event.internal.DefaultPersistEventListener.onPersist(DefaultPersistEventListener.java:151)
	at org.hibernate.event.internal.DefaultPersistEventListener.onPersist(DefaultPersistEventListener.java:78)
	at org.hibernate.internal.SessionImpl.firePersist(SessionImpl.java:843)
	at org.hibernate.internal.SessionImpl.persist(SessionImpl.java:818)
	at org.hibernate.internal.SessionImpl.persist(SessionImpl.java:822)
	at org.hibernate.ejb.AbstractEntityManagerImpl.persist(AbstractEntityManagerImpl.java:865)
	at sun.reflect.GeneratedMethodAccessor12.invoke(Unknown Source)
	at sun.reflect.DelegatingMethodAccessorImpl.invoke(Unknown Source)
	at java.lang.reflect.Method.invoke(Unknown Source)
	at org.springframework.orm.jpa.SharedEntityManagerCreator$SharedEntityManagerInvocationHandler.invoke(SharedEntityManagerCreator.java:240)
	at sun.proxy.$Proxy33.persist(Unknown Source)
	at uk.ac.bbk.bookface.domain.Person_Roo_Jpa_ActiveRecord.ajc$interMethod$uk_ac_bbk_bookface_domain_Person_Roo_Jpa_ActiveRecord$uk_ac_bbk_bookface_domain_Person$persist(Person_Roo_Jpa_ActiveRecord.aj:43)
	at uk.ac.bbk.bookface.domain.Person.persist(Person.java:1)
	at uk.ac.bbk.bookface.domain.Person_Roo_Jpa_ActiveRecord.ajc$interMethodDispatch1$uk_ac_bbk_bookface_domain_Person_Roo_Jpa_ActiveRecord$uk_ac_bbk_bookface_domain_Person$persist(Person_Roo_Jpa_ActiveRecord.aj)
	at uk.ac.bbk.bookface.domain.PersonDataOnDemand_Roo_DataOnDemand.ajc$interMethod$uk_ac_bbk_bookface_domain_PersonDataOnDemand_Roo_DataOnDemand$uk_ac_bbk_bookface_domain_PersonDataOnDemand$init(PersonDataOnDemand_Roo_DataOnDemand.aj:102)
	... 41 more
</error>
  </testcase>
  <testcase time="0" classname="uk.ac.bbk.bookface.domain.PersonIntegrationTest" name="testFindAllPeople">
    <error message="[ConstraintDescriptorImpl{annotation=javax.validation.constraints.NotNull, payloads=[], hasComposingConstraints=true, isReportAsSingleInvalidConstraint=false, elementType=FIELD, definedOn=DEFINED_LOCALLY, groups=[interface javax.validation.groups.Default], attributes={message={javax.validation.constraints.NotNull.message}, payload=[Ljava.lang.Class;@26ccfa41, groups=[Ljava.lang.Class;@5b41d54d}}:may not be null=null]" type="java.lang.RuntimeException">java.lang.RuntimeException: [ConstraintDescriptorImpl{annotation=javax.validation.constraints.NotNull, payloads=[], hasComposingConstraints=true, isReportAsSingleInvalidConstraint=false, elementType=FIELD, definedOn=DEFINED_LOCALLY, groups=[interface javax.validation.groups.Default], attributes={message={javax.validation.constraints.NotNull.message}, payload=[Ljava.lang.Class;@26ccfa41, groups=[Ljava.lang.Class;@5b41d54d}}:may not be null=null]
	at uk.ac.bbk.bookface.domain.PersonDataOnDemand_Roo_DataOnDemand.ajc$interMethod$uk_ac_bbk_bookface_domain_PersonDataOnDemand_Roo_DataOnDemand$uk_ac_bbk_bookface_domain_PersonDataOnDemand$init(PersonDataOnDemand_Roo_DataOnDemand.aj:109)
	at uk.ac.bbk.bookface.domain.PersonDataOnDemand.init(PersonDataOnDemand.java:1)
	at uk.ac.bbk.bookface.domain.PersonDataOnDemand_Roo_DataOnDemand.ajc$interMethodDispatch1$uk_ac_bbk_bookface_domain_PersonDataOnDemand_Roo_DataOnDemand$uk_ac_bbk_bookface_domain_PersonDataOnDemand$init(PersonDataOnDemand_Roo_DataOnDemand.aj)
	at uk.ac.bbk.bookface.domain.PersonDataOnDemand_Roo_DataOnDemand.ajc$interMethod$uk_ac_bbk_bookface_domain_PersonDataOnDemand_Roo_DataOnDemand$uk_ac_bbk_bookface_domain_PersonDataOnDemand$getRandomPerson(PersonDataOnDemand_Roo_DataOnDemand.aj:77)
	at uk.ac.bbk.bookface.domain.PersonDataOnDemand.getRandomPerson(PersonDataOnDemand.java:1)
	at uk.ac.bbk.bookface.domain.PersonDataOnDemand_Roo_DataOnDemand.ajc$interMethodDispatch1$uk_ac_bbk_bookface_domain_PersonDataOnDemand_Roo_DataOnDemand$uk_ac_bbk_bookface_domain_PersonDataOnDemand$getRandomPerson(PersonDataOnDemand_Roo_DataOnDemand.aj)
	at uk.ac.bbk.bookface.domain.PersonIntegrationTest_Roo_IntegrationTest.ajc$interMethod$uk_ac_bbk_bookface_domain_PersonIntegrationTest_Roo_IntegrationTest$uk_ac_bbk_bookface_domain_PersonIntegrationTest$testFindAllPeople(PersonIntegrationTest_Roo_IntegrationTest.aj:49)
	at uk.ac.bbk.bookface.domain.PersonIntegrationTest.testFindAllPeople(PersonIntegrationTest.java:1)
	at sun.reflect.NativeMethodAccessorImpl.invoke0(Native Method)
	at sun.reflect.NativeMethodAccessorImpl.invoke(Unknown Source)
	at sun.reflect.DelegatingMethodAccessorImpl.invoke(Unknown Source)
	at java.lang.reflect.Method.invoke(Unknown Source)
	at org.junit.runners.model.FrameworkMethod$1.runReflectiveCall(FrameworkMethod.java:45)
	at org.junit.internal.runners.model.ReflectiveCallable.run(ReflectiveCallable.java:15)
	at org.junit.runners.model.FrameworkMethod.invokeExplosively(FrameworkMethod.java:42)
	at org.junit.internal.runners.statements.InvokeMethod.evaluate(InvokeMethod.java:20)
	at org.springframework.test.context.junit4.statements.RunBeforeTestMethodCallbacks.evaluate(RunBeforeTestMethodCallbacks.java:74)
	at org.springframework.test.context.junit4.statements.RunAfterTestMethodCallbacks.evaluate(RunAfterTestMethodCallbacks.java:83)
	at org.springframework.test.context.junit4.statements.SpringRepeat.evaluate(SpringRepeat.java:72)
	at org.springframework.test.context.junit4.SpringJUnit4ClassRunner.runChild(SpringJUnit4ClassRunner.java:231)
	at org.springframework.test.context.junit4.SpringJUnit4ClassRunner.runChild(SpringJUnit4ClassRunner.java:88)
	at org.junit.runners.ParentRunner$3.run(ParentRunner.java:231)
	at org.junit.runners.ParentRunner$1.schedule(ParentRunner.java:60)
	at org.junit.runners.ParentRunner.runChildren(ParentRunner.java:229)
	at org.junit.runners.ParentRunner.access$000(ParentRunner.java:50)
	at org.junit.runners.ParentRunner$2.evaluate(ParentRunner.java:222)
	at org.springframework.test.context.junit4.statements.RunBeforeTestClassCallbacks.evaluate(RunBeforeTestClassCallbacks.java:61)
	at org.springframework.test.context.junit4.statements.RunAfterTestClassCallbacks.evaluate(RunAfterTestClassCallbacks.java:71)
	at org.junit.runners.ParentRunner.run(ParentRunner.java:300)
	at org.springframework.test.context.junit4.SpringJUnit4ClassRunner.run(SpringJUnit4ClassRunner.java:174)
	at org.apache.maven.surefire.junit4.JUnit4Provider.execute(JUnit4Provider.java:236)
	at org.apache.maven.surefire.junit4.JUnit4Provider.executeTestSet(JUnit4Provider.java:134)
	at org.apache.maven.surefire.junit4.JUnit4Provider.invoke(JUnit4Provider.java:113)
	at sun.reflect.NativeMethodAccessorImpl.invoke0(Native Method)
	at sun.reflect.NativeMethodAccessorImpl.invoke(Unknown Source)
	at sun.reflect.DelegatingMethodAccessorImpl.invoke(Unknown Source)
	at java.lang.reflect.Method.invoke(Unknown Source)
	at org.apache.maven.surefire.util.ReflectionUtils.invokeMethodWithArray(ReflectionUtils.java:189)
	at org.apache.maven.surefire.booter.ProviderFactory$ProviderProxy.invoke(ProviderFactory.java:165)
	at org.apache.maven.surefire.booter.ProviderFactory.invokeProvider(ProviderFactory.java:85)
	at org.apache.maven.surefire.booter.ForkedBooter.runSuitesInProcess(ForkedBooter.java:103)
	at org.apache.maven.surefire.booter.ForkedBooter.main(ForkedBooter.java:74)
Caused by: javax.validation.ConstraintViolationException: Validation failed for classes [uk.ac.bbk.bookface.domain.Person] during persist time for groups [javax.validation.groups.Default, ]
List of constraint violations:[
	ConstraintViolationImpl{interpolatedMessage=&apos;may not be null&apos;, propertyPath=identifier, rootBeanClass=class uk.ac.bbk.bookface.domain.Person, messageTemplate=&apos;{javax.validation.constraints.NotNull.message}&apos;}
]
	at org.hibernate.cfg.beanvalidation.BeanValidationEventListener.validate(BeanValidationEventListener.java:159)
	at org.hibernate.cfg.beanvalidation.BeanValidationEventListener.onPreInsert(BeanValidationEventListener.java:94)
	at org.hibernate.action.internal.EntityIdentityInsertAction.preInsert(EntityIdentityInsertAction.java:178)
	at org.hibernate.action.internal.EntityIdentityInsertAction.execute(EntityIdentityInsertAction.java:75)
	at org.hibernate.engine.spi.ActionQueue.execute(ActionQueue.java:362)
	at org.hibernate.engine.spi.ActionQueue.addResolvedEntityInsertAction(ActionQueue.java:203)
	at org.hibernate.engine.spi.ActionQueue.addInsertAction(ActionQueue.java:183)
	at org.hibernate.engine.spi.ActionQueue.addAction(ActionQueue.java:167)
	at org.hibernate.event.internal.AbstractSaveEventListener.addInsertAction(AbstractSaveEventListener.java:320)
	at org.hibernate.event.internal.AbstractSaveEventListener.performSaveOrReplicate(AbstractSaveEventListener.java:287)
	at org.hibernate.event.internal.AbstractSaveEventListener.performSave(AbstractSaveEventListener.java:193)
	at org.hibernate.event.internal.AbstractSaveEventListener.saveWithGeneratedId(AbstractSaveEventListener.java:126)
	at org.hibernate.ejb.event.EJB3PersistEventListener.saveWithGeneratedId(EJB3PersistEventListener.java:78)
	at org.hibernate.event.internal.DefaultPersistEventListener.entityIsTransient(DefaultPersistEventListener.java:208)
	at org.hibernate.event.internal.DefaultPersistEventListener.onPersist(DefaultPersistEventListener.java:151)
	at org.hibernate.event.internal.DefaultPersistEventListener.onPersist(DefaultPersistEventListener.java:78)
	at org.hibernate.internal.SessionImpl.firePersist(SessionImpl.java:843)
	at org.hibernate.internal.SessionImpl.persist(SessionImpl.java:818)
	at org.hibernate.internal.SessionImpl.persist(SessionImpl.java:822)
	at org.hibernate.ejb.AbstractEntityManagerImpl.persist(AbstractEntityManagerImpl.java:865)
	at sun.reflect.GeneratedMethodAccessor12.invoke(Unknown Source)
	at sun.reflect.DelegatingMethodAccessorImpl.invoke(Unknown Source)
	at java.lang.reflect.Method.invoke(Unknown Source)
	at org.springframework.orm.jpa.SharedEntityManagerCreator$SharedEntityManagerInvocationHandler.invoke(SharedEntityManagerCreator.java:240)
	at sun.proxy.$Proxy33.persist(Unknown Source)
	at uk.ac.bbk.bookface.domain.Person_Roo_Jpa_ActiveRecord.ajc$interMethod$uk_ac_bbk_bookface_domain_Person_Roo_Jpa_ActiveRecord$uk_ac_bbk_bookface_domain_Person$persist(Person_Roo_Jpa_ActiveRecord.aj:43)
	at uk.ac.bbk.bookface.domain.Person.persist(Person.java:1)
	at uk.ac.bbk.bookface.domain.Person_Roo_Jpa_ActiveRecord.ajc$interMethodDispatch1$uk_ac_bbk_bookface_domain_Person_Roo_Jpa_ActiveRecord$uk_ac_bbk_bookface_domain_Person$persist(Person_Roo_Jpa_ActiveRecord.aj)
	at uk.ac.bbk.bookface.domain.PersonDataOnDemand_Roo_DataOnDemand.ajc$interMethod$uk_ac_bbk_bookface_domain_PersonDataOnDemand_Roo_DataOnDemand$uk_ac_bbk_bookface_domain_PersonDataOnDemand$init(PersonDataOnDemand_Roo_DataOnDemand.aj:102)
	... 41 more
</error>
  </testcase>
  <testcase time="0" classname="uk.ac.bbk.bookface.domain.PersonIntegrationTest" name="testFindPerson">
    <error message="[ConstraintDescriptorImpl{annotation=javax.validation.constraints.NotNull, payloads=[], hasComposingConstraints=true, isReportAsSingleInvalidConstraint=false, elementType=FIELD, definedOn=DEFINED_LOCALLY, groups=[interface javax.validation.groups.Default], attributes={message={javax.validation.constraints.NotNull.message}, payload=[Ljava.lang.Class;@26ccfa41, groups=[Ljava.lang.Class;@5b41d54d}}:may not be null=null]" type="java.lang.RuntimeException">java.lang.RuntimeException: [ConstraintDescriptorImpl{annotation=javax.validation.constraints.NotNull, payloads=[], hasComposingConstraints=true, isReportAsSingleInvalidConstraint=false, elementType=FIELD, definedOn=DEFINED_LOCALLY, groups=[interface javax.validation.groups.Default], attributes={message={javax.validation.constraints.NotNull.message}, payload=[Ljava.lang.Class;@26ccfa41, groups=[Ljava.lang.Class;@5b41d54d}}:may not be null=null]
	at uk.ac.bbk.bookface.domain.PersonDataOnDemand_Roo_DataOnDemand.ajc$interMethod$uk_ac_bbk_bookface_domain_PersonDataOnDemand_Roo_DataOnDemand$uk_ac_bbk_bookface_domain_PersonDataOnDemand$init(PersonDataOnDemand_Roo_DataOnDemand.aj:109)
	at uk.ac.bbk.bookface.domain.PersonDataOnDemand.init(PersonDataOnDemand.java:1)
	at uk.ac.bbk.bookface.domain.PersonDataOnDemand_Roo_DataOnDemand.ajc$interMethodDispatch1$uk_ac_bbk_bookface_domain_PersonDataOnDemand_Roo_DataOnDemand$uk_ac_bbk_bookface_domain_PersonDataOnDemand$init(PersonDataOnDemand_Roo_DataOnDemand.aj)
	at uk.ac.bbk.bookface.domain.PersonDataOnDemand_Roo_DataOnDemand.ajc$interMethod$uk_ac_bbk_bookface_domain_PersonDataOnDemand_Roo_DataOnDemand$uk_ac_bbk_bookface_domain_PersonDataOnDemand$getRandomPerson(PersonDataOnDemand_Roo_DataOnDemand.aj:77)
	at uk.ac.bbk.bookface.domain.PersonDataOnDemand.getRandomPerson(PersonDataOnDemand.java:1)
	at uk.ac.bbk.bookface.domain.PersonDataOnDemand_Roo_DataOnDemand.ajc$interMethodDispatch1$uk_ac_bbk_bookface_domain_PersonDataOnDemand_Roo_DataOnDemand$uk_ac_bbk_bookface_domain_PersonDataOnDemand$getRandomPerson(PersonDataOnDemand_Roo_DataOnDemand.aj)
	at uk.ac.bbk.bookface.domain.PersonIntegrationTest_Roo_IntegrationTest.ajc$interMethod$uk_ac_bbk_bookface_domain_PersonIntegrationTest_Roo_IntegrationTest$uk_ac_bbk_bookface_domain_PersonIntegrationTest$testFindPerson(PersonIntegrationTest_Roo_IntegrationTest.aj:38)
	at uk.ac.bbk.bookface.domain.PersonIntegrationTest.testFindPerson(PersonIntegrationTest.java:1)
	at sun.reflect.NativeMethodAccessorImpl.invoke0(Native Method)
	at sun.reflect.NativeMethodAccessorImpl.invoke(Unknown Source)
	at sun.reflect.DelegatingMethodAccessorImpl.invoke(Unknown Source)
	at java.lang.reflect.Method.invoke(Unknown Source)
	at org.junit.runners.model.FrameworkMethod$1.runReflectiveCall(FrameworkMethod.java:45)
	at org.junit.internal.runners.model.ReflectiveCallable.run(ReflectiveCallable.java:15)
	at org.junit.runners.model.FrameworkMethod.invokeExplosively(FrameworkMethod.java:42)
	at org.junit.internal.runners.statements.InvokeMethod.evaluate(InvokeMethod.java:20)
	at org.springframework.test.context.junit4.statements.RunBeforeTestMethodCallbacks.evaluate(RunBeforeTestMethodCallbacks.java:74)
	at org.springframework.test.context.junit4.statements.RunAfterTestMethodCallbacks.evaluate(RunAfterTestMethodCallbacks.java:83)
	at org.springframework.test.context.junit4.statements.SpringRepeat.evaluate(SpringRepeat.java:72)
	at org.springframework.test.context.junit4.SpringJUnit4ClassRunner.runChild(SpringJUnit4ClassRunner.java:231)
	at org.springframework.test.context.junit4.SpringJUnit4ClassRunner.runChild(SpringJUnit4ClassRunner.java:88)
	at org.junit.runners.ParentRunner$3.run(ParentRunner.java:231)
	at org.junit.runners.ParentRunner$1.schedule(ParentRunner.java:60)
	at org.junit.runners.ParentRunner.runChildren(ParentRunner.java:229)
	at org.junit.runners.ParentRunner.access$000(ParentRunner.java:50)
	at org.junit.runners.ParentRunner$2.evaluate(ParentRunner.java:222)
	at org.springframework.test.context.junit4.statements.RunBeforeTestClassCallbacks.evaluate(RunBeforeTestClassCallbacks.java:61)
	at org.springframework.test.context.junit4.statements.RunAfterTestClassCallbacks.evaluate(RunAfterTestClassCallbacks.java:71)
	at org.junit.runners.ParentRunner.run(ParentRunner.java:300)
	at org.springframework.test.context.junit4.SpringJUnit4ClassRunner.run(SpringJUnit4ClassRunner.java:174)
	at org.apache.maven.surefire.junit4.JUnit4Provider.execute(JUnit4Provider.java:236)
	at org.apache.maven.surefire.junit4.JUnit4Provider.executeTestSet(JUnit4Provider.java:134)
	at org.apache.maven.surefire.junit4.JUnit4Provider.invoke(JUnit4Provider.java:113)
	at sun.reflect.NativeMethodAccessorImpl.invoke0(Native Method)
	at sun.reflect.NativeMethodAccessorImpl.invoke(Unknown Source)
	at sun.reflect.DelegatingMethodAccessorImpl.invoke(Unknown Source)
	at java.lang.reflect.Method.invoke(Unknown Source)
	at org.apache.maven.surefire.util.ReflectionUtils.invokeMethodWithArray(ReflectionUtils.java:189)
	at org.apache.maven.surefire.booter.ProviderFactory$ProviderProxy.invoke(ProviderFactory.java:165)
	at org.apache.maven.surefire.booter.ProviderFactory.invokeProvider(ProviderFactory.java:85)
	at org.apache.maven.surefire.booter.ForkedBooter.runSuitesInProcess(ForkedBooter.java:103)
	at org.apache.maven.surefire.booter.ForkedBooter.main(ForkedBooter.java:74)
Caused by: javax.validation.ConstraintViolationException: Validation failed for classes [uk.ac.bbk.bookface.domain.Person] during persist time for groups [javax.validation.groups.Default, ]
List of constraint violations:[
	ConstraintViolationImpl{interpolatedMessage=&apos;may not be null&apos;, propertyPath=identifier, rootBeanClass=class uk.ac.bbk.bookface.domain.Person, messageTemplate=&apos;{javax.validation.constraints.NotNull.message}&apos;}
]
	at org.hibernate.cfg.beanvalidation.BeanValidationEventListener.validate(BeanValidationEventListener.java:159)
	at org.hibernate.cfg.beanvalidation.BeanValidationEventListener.onPreInsert(BeanValidationEventListener.java:94)
	at org.hibernate.action.internal.EntityIdentityInsertAction.preInsert(EntityIdentityInsertAction.java:178)
	at org.hibernate.action.internal.EntityIdentityInsertAction.execute(EntityIdentityInsertAction.java:75)
	at org.hibernate.engine.spi.ActionQueue.execute(ActionQueue.java:362)
	at org.hibernate.engine.spi.ActionQueue.addResolvedEntityInsertAction(ActionQueue.java:203)
	at org.hibernate.engine.spi.ActionQueue.addInsertAction(ActionQueue.java:183)
	at org.hibernate.engine.spi.ActionQueue.addAction(ActionQueue.java:167)
	at org.hibernate.event.internal.AbstractSaveEventListener.addInsertAction(AbstractSaveEventListener.java:320)
	at org.hibernate.event.internal.AbstractSaveEventListener.performSaveOrReplicate(AbstractSaveEventListener.java:287)
	at org.hibernate.event.internal.AbstractSaveEventListener.performSave(AbstractSaveEventListener.java:193)
	at org.hibernate.event.internal.AbstractSaveEventListener.saveWithGeneratedId(AbstractSaveEventListener.java:126)
	at org.hibernate.ejb.event.EJB3PersistEventListener.saveWithGeneratedId(EJB3PersistEventListener.java:78)
	at org.hibernate.event.internal.DefaultPersistEventListener.entityIsTransient(DefaultPersistEventListener.java:208)
	at org.hibernate.event.internal.DefaultPersistEventListener.onPersist(DefaultPersistEventListener.java:151)
	at org.hibernate.event.internal.DefaultPersistEventListener.onPersist(DefaultPersistEventListener.java:78)
	at org.hibernate.internal.SessionImpl.firePersist(SessionImpl.java:843)
	at org.hibernate.internal.SessionImpl.persist(SessionImpl.java:818)
	at org.hibernate.internal.SessionImpl.persist(SessionImpl.java:822)
	at org.hibernate.ejb.AbstractEntityManagerImpl.persist(AbstractEntityManagerImpl.java:865)
	at sun.reflect.GeneratedMethodAccessor12.invoke(Unknown Source)
	at sun.reflect.DelegatingMethodAccessorImpl.invoke(Unknown Source)
	at java.lang.reflect.Method.invoke(Unknown Source)
	at org.springframework.orm.jpa.SharedEntityManagerCreator$SharedEntityManagerInvocationHandler.invoke(SharedEntityManagerCreator.java:240)
	at sun.proxy.$Proxy33.persist(Unknown Source)
	at uk.ac.bbk.bookface.domain.Person_Roo_Jpa_ActiveRecord.ajc$interMethod$uk_ac_bbk_bookface_domain_Person_Roo_Jpa_ActiveRecord$uk_ac_bbk_bookface_domain_Person$persist(Person_Roo_Jpa_ActiveRecord.aj:43)
	at uk.ac.bbk.bookface.domain.Person.persist(Person.java:1)
	at uk.ac.bbk.bookface.domain.Person_Roo_Jpa_ActiveRecord.ajc$interMethodDispatch1$uk_ac_bbk_bookface_domain_Person_Roo_Jpa_ActiveRecord$uk_ac_bbk_bookface_domain_Person$persist(Person_Roo_Jpa_ActiveRecord.aj)
	at uk.ac.bbk.bookface.domain.PersonDataOnDemand_Roo_DataOnDemand.ajc$interMethod$uk_ac_bbk_bookface_domain_PersonDataOnDemand_Roo_DataOnDemand$uk_ac_bbk_bookface_domain_PersonDataOnDemand$init(PersonDataOnDemand_Roo_DataOnDemand.aj:102)
	... 41 more
</error>
  </testcase>
  <testcase time="0" classname="uk.ac.bbk.bookface.domain.PersonIntegrationTest" name="testCountPeople">
    <error message="[ConstraintDescriptorImpl{annotation=javax.validation.constraints.NotNull, payloads=[], hasComposingConstraints=true, isReportAsSingleInvalidConstraint=false, elementType=FIELD, definedOn=DEFINED_LOCALLY, groups=[interface javax.validation.groups.Default], attributes={message={javax.validation.constraints.NotNull.message}, payload=[Ljava.lang.Class;@26ccfa41, groups=[Ljava.lang.Class;@5b41d54d}}:may not be null=null]" type="java.lang.RuntimeException">java.lang.RuntimeException: [ConstraintDescriptorImpl{annotation=javax.validation.constraints.NotNull, payloads=[], hasComposingConstraints=true, isReportAsSingleInvalidConstraint=false, elementType=FIELD, definedOn=DEFINED_LOCALLY, groups=[interface javax.validation.groups.Default], attributes={message={javax.validation.constraints.NotNull.message}, payload=[Ljava.lang.Class;@26ccfa41, groups=[Ljava.lang.Class;@5b41d54d}}:may not be null=null]
	at uk.ac.bbk.bookface.domain.PersonDataOnDemand_Roo_DataOnDemand.ajc$interMethod$uk_ac_bbk_bookface_domain_PersonDataOnDemand_Roo_DataOnDemand$uk_ac_bbk_bookface_domain_PersonDataOnDemand$init(PersonDataOnDemand_Roo_DataOnDemand.aj:109)
	at uk.ac.bbk.bookface.domain.PersonDataOnDemand.init(PersonDataOnDemand.java:1)
	at uk.ac.bbk.bookface.domain.PersonDataOnDemand_Roo_DataOnDemand.ajc$interMethodDispatch1$uk_ac_bbk_bookface_domain_PersonDataOnDemand_Roo_DataOnDemand$uk_ac_bbk_bookface_domain_PersonDataOnDemand$init(PersonDataOnDemand_Roo_DataOnDemand.aj)
	at uk.ac.bbk.bookface.domain.PersonDataOnDemand_Roo_DataOnDemand.ajc$interMethod$uk_ac_bbk_bookface_domain_PersonDataOnDemand_Roo_DataOnDemand$uk_ac_bbk_bookface_domain_PersonDataOnDemand$getRandomPerson(PersonDataOnDemand_Roo_DataOnDemand.aj:77)
	at uk.ac.bbk.bookface.domain.PersonDataOnDemand.getRandomPerson(PersonDataOnDemand.java:1)
	at uk.ac.bbk.bookface.domain.PersonDataOnDemand_Roo_DataOnDemand.ajc$interMethodDispatch1$uk_ac_bbk_bookface_domain_PersonDataOnDemand_Roo_DataOnDemand$uk_ac_bbk_bookface_domain_PersonDataOnDemand$getRandomPerson(PersonDataOnDemand_Roo_DataOnDemand.aj)
	at uk.ac.bbk.bookface.domain.PersonIntegrationTest_Roo_IntegrationTest.ajc$interMethod$uk_ac_bbk_bookface_domain_PersonIntegrationTest_Roo_IntegrationTest$uk_ac_bbk_bookface_domain_PersonIntegrationTest$testCountPeople(PersonIntegrationTest_Roo_IntegrationTest.aj:31)
	at uk.ac.bbk.bookface.domain.PersonIntegrationTest.testCountPeople(PersonIntegrationTest.java:1)
	at sun.reflect.NativeMethodAccessorImpl.invoke0(Native Method)
	at sun.reflect.NativeMethodAccessorImpl.invoke(Unknown Source)
	at sun.reflect.DelegatingMethodAccessorImpl.invoke(Unknown Source)
	at java.lang.reflect.Method.invoke(Unknown Source)
	at org.junit.runners.model.FrameworkMethod$1.runReflectiveCall(FrameworkMethod.java:45)
	at org.junit.internal.runners.model.ReflectiveCallable.run(ReflectiveCallable.java:15)
	at org.junit.runners.model.FrameworkMethod.invokeExplosively(FrameworkMethod.java:42)
	at org.junit.internal.runners.statements.InvokeMethod.evaluate(InvokeMethod.java:20)
	at org.springframework.test.context.junit4.statements.RunBeforeTestMethodCallbacks.evaluate(RunBeforeTestMethodCallbacks.java:74)
	at org.springframework.test.context.junit4.statements.RunAfterTestMethodCallbacks.evaluate(RunAfterTestMethodCallbacks.java:83)
	at org.springframework.test.context.junit4.statements.SpringRepeat.evaluate(SpringRepeat.java:72)
	at org.springframework.test.context.junit4.SpringJUnit4ClassRunner.runChild(SpringJUnit4ClassRunner.java:231)
	at org.springframework.test.context.junit4.SpringJUnit4ClassRunner.runChild(SpringJUnit4ClassRunner.java:88)
	at org.junit.runners.ParentRunner$3.run(ParentRunner.java:231)
	at org.junit.runners.ParentRunner$1.schedule(ParentRunner.java:60)
	at org.junit.runners.ParentRunner.runChildren(ParentRunner.java:229)
	at org.junit.runners.ParentRunner.access$000(ParentRunner.java:50)
	at org.junit.runners.ParentRunner$2.evaluate(ParentRunner.java:222)
	at org.springframework.test.context.junit4.statements.RunBeforeTestClassCallbacks.evaluate(RunBeforeTestClassCallbacks.java:61)
	at org.springframework.test.context.junit4.statements.RunAfterTestClassCallbacks.evaluate(RunAfterTestClassCallbacks.java:71)
	at org.junit.runners.ParentRunner.run(ParentRunner.java:300)
	at org.springframework.test.context.junit4.SpringJUnit4ClassRunner.run(SpringJUnit4ClassRunner.java:174)
	at org.apache.maven.surefire.junit4.JUnit4Provider.execute(JUnit4Provider.java:236)
	at org.apache.maven.surefire.junit4.JUnit4Provider.executeTestSet(JUnit4Provider.java:134)
	at org.apache.maven.surefire.junit4.JUnit4Provider.invoke(JUnit4Provider.java:113)
	at sun.reflect.NativeMethodAccessorImpl.invoke0(Native Method)
	at sun.reflect.NativeMethodAccessorImpl.invoke(Unknown Source)
	at sun.reflect.DelegatingMethodAccessorImpl.invoke(Unknown Source)
	at java.lang.reflect.Method.invoke(Unknown Source)
	at org.apache.maven.surefire.util.ReflectionUtils.invokeMethodWithArray(ReflectionUtils.java:189)
	at org.apache.maven.surefire.booter.ProviderFactory$ProviderProxy.invoke(ProviderFactory.java:165)
	at org.apache.maven.surefire.booter.ProviderFactory.invokeProvider(ProviderFactory.java:85)
	at org.apache.maven.surefire.booter.ForkedBooter.runSuitesInProcess(ForkedBooter.java:103)
	at org.apache.maven.surefire.booter.ForkedBooter.main(ForkedBooter.java:74)
Caused by: javax.validation.ConstraintViolationException: Validation failed for classes [uk.ac.bbk.bookface.domain.Person] during persist time for groups [javax.validation.groups.Default, ]
List of constraint violations:[
	ConstraintViolationImpl{interpolatedMessage=&apos;may not be null&apos;, propertyPath=identifier, rootBeanClass=class uk.ac.bbk.bookface.domain.Person, messageTemplate=&apos;{javax.validation.constraints.NotNull.message}&apos;}
]
	at org.hibernate.cfg.beanvalidation.BeanValidationEventListener.validate(BeanValidationEventListener.java:159)
	at org.hibernate.cfg.beanvalidation.BeanValidationEventListener.onPreInsert(BeanValidationEventListener.java:94)
	at org.hibernate.action.internal.EntityIdentityInsertAction.preInsert(EntityIdentityInsertAction.java:178)
	at org.hibernate.action.internal.EntityIdentityInsertAction.execute(EntityIdentityInsertAction.java:75)
	at org.hibernate.engine.spi.ActionQueue.execute(ActionQueue.java:362)
	at org.hibernate.engine.spi.ActionQueue.addResolvedEntityInsertAction(ActionQueue.java:203)
	at org.hibernate.engine.spi.ActionQueue.addInsertAction(ActionQueue.java:183)
	at org.hibernate.engine.spi.ActionQueue.addAction(ActionQueue.java:167)
	at org.hibernate.event.internal.AbstractSaveEventListener.addInsertAction(AbstractSaveEventListener.java:320)
	at org.hibernate.event.internal.AbstractSaveEventListener.performSaveOrReplicate(AbstractSaveEventListener.java:287)
	at org.hibernate.event.internal.AbstractSaveEventListener.performSave(AbstractSaveEventListener.java:193)
	at org.hibernate.event.internal.AbstractSaveEventListener.saveWithGeneratedId(AbstractSaveEventListener.java:126)
	at org.hibernate.ejb.event.EJB3PersistEventListener.saveWithGeneratedId(EJB3PersistEventListener.java:78)
	at org.hibernate.event.internal.DefaultPersistEventListener.entityIsTransient(DefaultPersistEventListener.java:208)
	at org.hibernate.event.internal.DefaultPersistEventListener.onPersist(DefaultPersistEventListener.java:151)
	at org.hibernate.event.internal.DefaultPersistEventListener.onPersist(DefaultPersistEventListener.java:78)
	at org.hibernate.internal.SessionImpl.firePersist(SessionImpl.java:843)
	at org.hibernate.internal.SessionImpl.persist(SessionImpl.java:818)
	at org.hibernate.internal.SessionImpl.persist(SessionImpl.java:822)
	at org.hibernate.ejb.AbstractEntityManagerImpl.persist(AbstractEntityManagerImpl.java:865)
	at sun.reflect.GeneratedMethodAccessor12.invoke(Unknown Source)
	at sun.reflect.DelegatingMethodAccessorImpl.invoke(Unknown Source)
	at java.lang.reflect.Method.invoke(Unknown Source)
	at org.springframework.orm.jpa.SharedEntityManagerCreator$SharedEntityManagerInvocationHandler.invoke(SharedEntityManagerCreator.java:240)
	at sun.proxy.$Proxy33.persist(Unknown Source)
	at uk.ac.bbk.bookface.domain.Person_Roo_Jpa_ActiveRecord.ajc$interMethod$uk_ac_bbk_bookface_domain_Person_Roo_Jpa_ActiveRecord$uk_ac_bbk_bookface_domain_Person$persist(Person_Roo_Jpa_ActiveRecord.aj:43)
	at uk.ac.bbk.bookface.domain.Person.persist(Person.java:1)
	at uk.ac.bbk.bookface.domain.Person_Roo_Jpa_ActiveRecord.ajc$interMethodDispatch1$uk_ac_bbk_bookface_domain_Person_Roo_Jpa_ActiveRecord$uk_ac_bbk_bookface_domain_Person$persist(Person_Roo_Jpa_ActiveRecord.aj)
	at uk.ac.bbk.bookface.domain.PersonDataOnDemand_Roo_DataOnDemand.ajc$interMethod$uk_ac_bbk_bookface_domain_PersonDataOnDemand_Roo_DataOnDemand$uk_ac_bbk_bookface_domain_PersonDataOnDemand$init(PersonDataOnDemand_Roo_DataOnDemand.aj:102)
	... 41 more
</error>
  </testcase>
</testsuite>