-------------------------------------------------------------------------------
Test set: uk.ac.bbk.bookface.domain.FavouritesIntegrationTest
-------------------------------------------------------------------------------
Tests run: 9, Failures: 0, Errors: 8, Skipped: 0, Time elapsed: 0.078 sec <<< FAILURE!
testFlush(uk.ac.bbk.bookface.domain.FavouritesIntegrationTest)  Time elapsed: 0 sec  <<< ERROR!
java.lang.RuntimeException: [ConstraintDescriptorImpl{annotation=javax.validation.constraints.NotNull, payloads=[], hasComposingConstraints=true, isReportAsSingleInvalidConstraint=false, elementType=FIELD, definedOn=DEFINED_LOCALLY, groups=[interface javax.validation.groups.Default], attributes={message={javax.validation.constraints.NotNull.message}, payload=[Ljava.lang.Class;@26ccfa41, groups=[Ljava.lang.Class;@5b41d54d}}:may not be null=null]
	at uk.ac.bbk.bookface.domain.FavouritesDataOnDemand_Roo_DataOnDemand.ajc$interMethod$uk_ac_bbk_bookface_domain_FavouritesDataOnDemand_Roo_DataOnDemand$uk_ac_bbk_bookface_domain_FavouritesDataOnDemand$init(FavouritesDataOnDemand_Roo_DataOnDemand.aj:91)
	at uk.ac.bbk.bookface.domain.FavouritesDataOnDemand.init(FavouritesDataOnDemand.java:1)
	at uk.ac.bbk.bookface.domain.FavouritesDataOnDemand_Roo_DataOnDemand.ajc$interMethodDispatch1$uk_ac_bbk_bookface_domain_FavouritesDataOnDemand_Roo_DataOnDemand$uk_ac_bbk_bookface_domain_FavouritesDataOnDemand$init(FavouritesDataOnDemand_Roo_DataOnDemand.aj)
	at uk.ac.bbk.bookface.domain.FavouritesDataOnDemand_Roo_DataOnDemand.ajc$interMethod$uk_ac_bbk_bookface_domain_FavouritesDataOnDemand_Roo_DataOnDemand$uk_ac_bbk_bookface_domain_FavouritesDataOnDemand$getRandomFavourites(FavouritesDataOnDemand_Roo_DataOnDemand.aj:59)
	at uk.ac.bbk.bookface.domain.FavouritesDataOnDemand.getRandomFavourites(FavouritesDataOnDemand.java:1)
	at uk.ac.bbk.bookface.domain.FavouritesDataOnDemand_Roo_DataOnDemand.ajc$interMethodDispatch1$uk_ac_bbk_bookface_domain_FavouritesDataOnDemand_Roo_DataOnDemand$uk_ac_bbk_bookface_domain_FavouritesDataOnDemand$getRandomFavourites(FavouritesDataOnDemand_Roo_DataOnDemand.aj)
	at uk.ac.bbk.bookface.domain.FavouritesIntegrationTest_Roo_IntegrationTest.ajc$interMethod$uk_ac_bbk_bookface_domain_FavouritesIntegrationTest_Roo_IntegrationTest$uk_ac_bbk_bookface_domain_FavouritesIntegrationTest$testFlush(FavouritesIntegrationTest_Roo_IntegrationTest.aj:71)
	at uk.ac.bbk.bookface.domain.FavouritesIntegrationTest.testFlush(FavouritesIntegrationTest.java:1)
	at sun.reflect.NativeMethodAccessorImpl.invoke0(Native Method)
	at sun.reflect.NativeMethodAccessorImpl.invoke(Unknown Source)
	at sun.reflect.DelegatingMethodAccessorImpl.invoke(Unknown Source)
	at java.lang.reflect.Method.invoke(Unknown Source)
	at org.junit.runners.model.FrameworkMethod$1.runReflectiveCall(FrameworkMethod.java:45)
	at org.junit.internal.runners.model.ReflectiveCallable.run(ReflectiveCallable.java:15)
	at org.junit.runners.model.FrameworkMethod.invokeExplosively(FrameworkMethod.java:42)
	at org.junit.internal.runners.statements.InvokeMethod.evaluate(InvokeMethod.java:20)
	at org.springframework.test.context.junit4.statements.RunBeforeTestMethodCallbacks.evaluate(RunBeforeTestMethodCallbacks.java:74)
	at org.springframework.test.context.junit4.statements.RunAfterTestMethodCallbacks.evaluate(RunAfterTestMethodCallbacks.java:83)
	at org.springframework.test.context.junit4.statements.SpringRepeat.evaluate(SpringRepeat.java:72)
	at org.springframework.test.context.junit4.SpringJUnit4ClassRunner.runChild(SpringJUnit4ClassRunner.java:231)
	at org.springframework.test.context.junit4.SpringJUnit4ClassRunner.runChild(SpringJUnit4ClassRunner.java:88)
	at org.junit.runners.ParentRunner$3.run(ParentRunner.java:231)
	at org.junit.runners.ParentRunner$1.schedule(ParentRunner.java:60)
	at org.junit.runners.ParentRunner.runChildren(ParentRunner.java:229)
	at org.junit.runners.ParentRunner.access$000(ParentRunner.java:50)
	at org.junit.runners.ParentRunner$2.evaluate(ParentRunner.java:222)
	at org.springframework.test.context.junit4.statements.RunBeforeTestClassCallbacks.evaluate(RunBeforeTestClassCallbacks.java:61)
	at org.springframework.test.context.junit4.statements.RunAfterTestClassCallbacks.evaluate(RunAfterTestClassCallbacks.java:71)
	at org.junit.runners.ParentRunner.run(ParentRunner.java:300)
	at org.springframework.test.context.junit4.SpringJUnit4ClassRunner.run(SpringJUnit4ClassRunner.java:174)
	at org.apache.maven.surefire.junit4.JUnit4Provider.execute(JUnit4Provider.java:236)
	at org.apache.maven.surefire.junit4.JUnit4Provider.executeTestSet(JUnit4Provider.java:134)
	at org.apache.maven.surefire.junit4.JUnit4Provider.invoke(JUnit4Provider.java:113)
	at sun.reflect.NativeMethodAccessorImpl.invoke0(Native Method)
	at sun.reflect.NativeMethodAccessorImpl.invoke(Unknown Source)
	at sun.reflect.DelegatingMethodAccessorImpl.invoke(Unknown Source)
	at java.lang.reflect.Method.invoke(Unknown Source)
	at org.apache.maven.surefire.util.ReflectionUtils.invokeMethodWithArray(ReflectionUtils.java:189)
	at org.apache.maven.surefire.booter.ProviderFactory$ProviderProxy.invoke(ProviderFactory.java:165)
	at org.apache.maven.surefire.booter.ProviderFactory.invokeProvider(ProviderFactory.java:85)
	at org.apache.maven.surefire.booter.ForkedBooter.runSuitesInProcess(ForkedBooter.java:103)
	at org.apache.maven.surefire.booter.ForkedBooter.main(ForkedBooter.java:74)
Caused by: javax.validation.ConstraintViolationException: Validation failed for classes [uk.ac.bbk.bookface.domain.Favourites] during persist time for groups [javax.validation.groups.Default, ]
List of constraint violations:[
	ConstraintViolationImpl{interpolatedMessage='may not be null', propertyPath=identifier, rootBeanClass=class uk.ac.bbk.bookface.domain.Favourites, messageTemplate='{javax.validation.constraints.NotNull.message}'}
]
	at org.hibernate.cfg.beanvalidation.BeanValidationEventListener.validate(BeanValidationEventListener.java:159)
	at org.hibernate.cfg.beanvalidation.BeanValidationEventListener.onPreInsert(BeanValidationEventListener.java:94)
	at org.hibernate.action.internal.EntityIdentityInsertAction.preInsert(EntityIdentityInsertAction.java:178)
	at org.hibernate.action.internal.EntityIdentityInsertAction.execute(EntityIdentityInsertAction.java:75)
	at org.hibernate.engine.spi.ActionQueue.execute(ActionQueue.java:362)
	at org.hibernate.engine.spi.ActionQueue.addResolvedEntityInsertAction(ActionQueue.java:203)
	at org.hibernate.engine.spi.ActionQueue.addInsertAction(ActionQueue.java:183)
	at org.hibernate.engine.spi.ActionQueue.addAction(ActionQueue.java:167)
	at org.hibernate.event.internal.AbstractSaveEventListener.addInsertAction(AbstractSaveEventListener.java:320)
	at org.hibernate.event.internal.AbstractSaveEventListener.performSaveOrReplicate(AbstractSaveEventListener.java:287)
	at org.hibernate.event.internal.AbstractSaveEventListener.performSave(AbstractSaveEventListener.java:193)
	at org.hibernate.event.internal.AbstractSaveEventListener.saveWithGeneratedId(AbstractSaveEventListener.java:126)
	at org.hibernate.ejb.event.EJB3PersistEventListener.saveWithGeneratedId(EJB3PersistEventListener.java:78)
	at org.hibernate.event.internal.DefaultPersistEventListener.entityIsTransient(DefaultPersistEventListener.java:208)
	at org.hibernate.event.internal.DefaultPersistEventListener.onPersist(DefaultPersistEventListener.java:151)
	at org.hibernate.event.internal.DefaultPersistEventListener.onPersist(DefaultPersistEventListener.java:78)
	at org.hibernate.internal.SessionImpl.firePersist(SessionImpl.java:843)
	at org.hibernate.internal.SessionImpl.persist(SessionImpl.java:818)
	at org.hibernate.internal.SessionImpl.persist(SessionImpl.java:822)
	at org.hibernate.ejb.AbstractEntityManagerImpl.persist(AbstractEntityManagerImpl.java:865)
	at sun.reflect.GeneratedMethodAccessor12.invoke(Unknown Source)
	at sun.reflect.DelegatingMethodAccessorImpl.invoke(Unknown Source)
	at java.lang.reflect.Method.invoke(Unknown Source)
	at org.springframework.orm.jpa.SharedEntityManagerCreator$SharedEntityManagerInvocationHandler.invoke(SharedEntityManagerCreator.java:240)
	at sun.proxy.$Proxy33.persist(Unknown Source)
	at uk.ac.bbk.bookface.domain.Favourites_Roo_Jpa_ActiveRecord.ajc$interMethod$uk_ac_bbk_bookface_domain_Favourites_Roo_Jpa_ActiveRecord$uk_ac_bbk_bookface_domain_Favourites$persist(Favourites_Roo_Jpa_ActiveRecord.aj:43)
	at uk.ac.bbk.bookface.domain.Favourites.persist(Favourites.java:1)
	at uk.ac.bbk.bookface.domain.Favourites_Roo_Jpa_ActiveRecord.ajc$interMethodDispatch1$uk_ac_bbk_bookface_domain_Favourites_Roo_Jpa_ActiveRecord$uk_ac_bbk_bookface_domain_Favourites$persist(Favourites_Roo_Jpa_ActiveRecord.aj)
	at uk.ac.bbk.bookface.domain.FavouritesDataOnDemand_Roo_DataOnDemand.ajc$interMethod$uk_ac_bbk_bookface_domain_FavouritesDataOnDemand_Roo_DataOnDemand$uk_ac_bbk_bookface_domain_FavouritesDataOnDemand$init(FavouritesDataOnDemand_Roo_DataOnDemand.aj:84)
	... 41 more
testRemove(uk.ac.bbk.bookface.domain.FavouritesIntegrationTest)  Time elapsed: 0 sec  <<< ERROR!
java.lang.RuntimeException: [ConstraintDescriptorImpl{annotation=javax.validation.constraints.NotNull, payloads=[], hasComposingConstraints=true, isReportAsSingleInvalidConstraint=false, elementType=FIELD, definedOn=DEFINED_LOCALLY, groups=[interface javax.validation.groups.Default], attributes={message={javax.validation.constraints.NotNull.message}, payload=[Ljava.lang.Class;@26ccfa41, groups=[Ljava.lang.Class;@5b41d54d}}:may not be null=null]
	at uk.ac.bbk.bookface.domain.FavouritesDataOnDemand_Roo_DataOnDemand.ajc$interMethod$uk_ac_bbk_bookface_domain_FavouritesDataOnDemand_Roo_DataOnDemand$uk_ac_bbk_bookface_domain_FavouritesDataOnDemand$init(FavouritesDataOnDemand_Roo_DataOnDemand.aj:91)
	at uk.ac.bbk.bookface.domain.FavouritesDataOnDemand.init(FavouritesDataOnDemand.java:1)
	at uk.ac.bbk.bookface.domain.FavouritesDataOnDemand_Roo_DataOnDemand.ajc$interMethodDispatch1$uk_ac_bbk_bookface_domain_FavouritesDataOnDemand_Roo_DataOnDemand$uk_ac_bbk_bookface_domain_FavouritesDataOnDemand$init(FavouritesDataOnDemand_Roo_DataOnDemand.aj)
	at uk.ac.bbk.bookface.domain.FavouritesDataOnDemand_Roo_DataOnDemand.ajc$interMethod$uk_ac_bbk_bookface_domain_FavouritesDataOnDemand_Roo_DataOnDemand$uk_ac_bbk_bookface_domain_FavouritesDataOnDemand$getRandomFavourites(FavouritesDataOnDemand_Roo_DataOnDemand.aj:59)
	at uk.ac.bbk.bookface.domain.FavouritesDataOnDemand.getRandomFavourites(FavouritesDataOnDemand.java:1)
	at uk.ac.bbk.bookface.domain.FavouritesDataOnDemand_Roo_DataOnDemand.ajc$interMethodDispatch1$uk_ac_bbk_bookface_domain_FavouritesDataOnDemand_Roo_DataOnDemand$uk_ac_bbk_bookface_domain_FavouritesDataOnDemand$getRandomFavourites(FavouritesDataOnDemand_Roo_DataOnDemand.aj)
	at uk.ac.bbk.bookface.domain.FavouritesIntegrationTest_Roo_IntegrationTest.ajc$interMethod$uk_ac_bbk_bookface_domain_FavouritesIntegrationTest_Roo_IntegrationTest$uk_ac_bbk_bookface_domain_FavouritesIntegrationTest$testRemove(FavouritesIntegrationTest_Roo_IntegrationTest.aj:111)
	at uk.ac.bbk.bookface.domain.FavouritesIntegrationTest.testRemove(FavouritesIntegrationTest.java:1)
	at sun.reflect.NativeMethodAccessorImpl.invoke0(Native Method)
	at sun.reflect.NativeMethodAccessorImpl.invoke(Unknown Source)
	at sun.reflect.DelegatingMethodAccessorImpl.invoke(Unknown Source)
	at java.lang.reflect.Method.invoke(Unknown Source)
	at org.junit.runners.model.FrameworkMethod$1.runReflectiveCall(FrameworkMethod.java:45)
	at org.junit.internal.runners.model.ReflectiveCallable.run(ReflectiveCallable.java:15)
	at org.junit.runners.model.FrameworkMethod.invokeExplosively(FrameworkMethod.java:42)
	at org.junit.internal.runners.statements.InvokeMethod.evaluate(InvokeMethod.java:20)
	at org.springframework.test.context.junit4.statements.RunBeforeTestMethodCallbacks.evaluate(RunBeforeTestMethodCallbacks.java:74)
	at org.springframework.test.context.junit4.statements.RunAfterTestMethodCallbacks.evaluate(RunAfterTestMethodCallbacks.java:83)
	at org.springframework.test.context.junit4.statements.SpringRepeat.evaluate(SpringRepeat.java:72)
	at org.springframework.test.context.junit4.SpringJUnit4ClassRunner.runChild(SpringJUnit4ClassRunner.java:231)
	at org.springframework.test.context.junit4.SpringJUnit4ClassRunner.runChild(SpringJUnit4ClassRunner.java:88)
	at org.junit.runners.ParentRunner$3.run(ParentRunner.java:231)
	at org.junit.runners.ParentRunner$1.schedule(ParentRunner.java:60)
	at org.junit.runners.ParentRunner.runChildren(ParentRunner.java:229)
	at org.junit.runners.ParentRunner.access$000(ParentRunner.java:50)
	at org.junit.runners.ParentRunner$2.evaluate(ParentRunner.java:222)
	at org.springframework.test.context.junit4.statements.RunBeforeTestClassCallbacks.evaluate(RunBeforeTestClassCallbacks.java:61)
	at org.springframework.test.context.junit4.statements.RunAfterTestClassCallbacks.evaluate(RunAfterTestClassCallbacks.java:71)
	at org.junit.runners.ParentRunner.run(ParentRunner.java:300)
	at org.springframework.test.context.junit4.SpringJUnit4ClassRunner.run(SpringJUnit4ClassRunner.java:174)
	at org.apache.maven.surefire.junit4.JUnit4Provider.execute(JUnit4Provider.java:236)
	at org.apache.maven.surefire.junit4.JUnit4Provider.executeTestSet(JUnit4Provider.java:134)
	at org.apache.maven.surefire.junit4.JUnit4Provider.invoke(JUnit4Provider.java:113)
	at sun.reflect.NativeMethodAccessorImpl.invoke0(Native Method)
	at sun.reflect.NativeMethodAccessorImpl.invoke(Unknown Source)
	at sun.reflect.DelegatingMethodAccessorImpl.invoke(Unknown Source)
	at java.lang.reflect.Method.invoke(Unknown Source)
	at org.apache.maven.surefire.util.ReflectionUtils.invokeMethodWithArray(ReflectionUtils.java:189)
	at org.apache.maven.surefire.booter.ProviderFactory$ProviderProxy.invoke(ProviderFactory.java:165)
	at org.apache.maven.surefire.booter.ProviderFactory.invokeProvider(ProviderFactory.java:85)
	at org.apache.maven.surefire.booter.ForkedBooter.runSuitesInProcess(ForkedBooter.java:103)
	at org.apache.maven.surefire.booter.ForkedBooter.main(ForkedBooter.java:74)
Caused by: javax.validation.ConstraintViolationException: Validation failed for classes [uk.ac.bbk.bookface.domain.Favourites] during persist time for groups [javax.validation.groups.Default, ]
List of constraint violations:[
	ConstraintViolationImpl{interpolatedMessage='may not be null', propertyPath=identifier, rootBeanClass=class uk.ac.bbk.bookface.domain.Favourites, messageTemplate='{javax.validation.constraints.NotNull.message}'}
]
	at org.hibernate.cfg.beanvalidation.BeanValidationEventListener.validate(BeanValidationEventListener.java:159)
	at org.hibernate.cfg.beanvalidation.BeanValidationEventListener.onPreInsert(BeanValidationEventListener.java:94)
	at org.hibernate.action.internal.EntityIdentityInsertAction.preInsert(EntityIdentityInsertAction.java:178)
	at org.hibernate.action.internal.EntityIdentityInsertAction.execute(EntityIdentityInsertAction.java:75)
	at org.hibernate.engine.spi.ActionQueue.execute(ActionQueue.java:362)
	at org.hibernate.engine.spi.ActionQueue.addResolvedEntityInsertAction(ActionQueue.java:203)
	at org.hibernate.engine.spi.ActionQueue.addInsertAction(ActionQueue.java:183)
	at org.hibernate.engine.spi.ActionQueue.addAction(ActionQueue.java:167)
	at org.hibernate.event.internal.AbstractSaveEventListener.addInsertAction(AbstractSaveEventListener.java:320)
	at org.hibernate.event.internal.AbstractSaveEventListener.performSaveOrReplicate(AbstractSaveEventListener.java:287)
	at org.hibernate.event.internal.AbstractSaveEventListener.performSave(AbstractSaveEventListener.java:193)
	at org.hibernate.event.internal.AbstractSaveEventListener.saveWithGeneratedId(AbstractSaveEventListener.java:126)
	at org.hibernate.ejb.event.EJB3PersistEventListener.saveWithGeneratedId(EJB3PersistEventListener.java:78)
	at org.hibernate.event.internal.DefaultPersistEventListener.entityIsTransient(DefaultPersistEventListener.java:208)
	at org.hibernate.event.internal.DefaultPersistEventListener.onPersist(DefaultPersistEventListener.java:151)
	at org.hibernate.event.internal.DefaultPersistEventListener.onPersist(DefaultPersistEventListener.java:78)
	at org.hibernate.internal.SessionImpl.firePersist(SessionImpl.java:843)
	at org.hibernate.internal.SessionImpl.persist(SessionImpl.java:818)
	at org.hibernate.internal.SessionImpl.persist(SessionImpl.java:822)
	at org.hibernate.ejb.AbstractEntityManagerImpl.persist(AbstractEntityManagerImpl.java:865)
	at sun.reflect.GeneratedMethodAccessor12.invoke(Unknown Source)
	at sun.reflect.DelegatingMethodAccessorImpl.invoke(Unknown Source)
	at java.lang.reflect.Method.invoke(Unknown Source)
	at org.springframework.orm.jpa.SharedEntityManagerCreator$SharedEntityManagerInvocationHandler.invoke(SharedEntityManagerCreator.java:240)
	at sun.proxy.$Proxy33.persist(Unknown Source)
	at uk.ac.bbk.bookface.domain.Favourites_Roo_Jpa_ActiveRecord.ajc$interMethod$uk_ac_bbk_bookface_domain_Favourites_Roo_Jpa_ActiveRecord$uk_ac_bbk_bookface_domain_Favourites$persist(Favourites_Roo_Jpa_ActiveRecord.aj:43)
	at uk.ac.bbk.bookface.domain.Favourites.persist(Favourites.java:1)
	at uk.ac.bbk.bookface.domain.Favourites_Roo_Jpa_ActiveRecord.ajc$interMethodDispatch1$uk_ac_bbk_bookface_domain_Favourites_Roo_Jpa_ActiveRecord$uk_ac_bbk_bookface_domain_Favourites$persist(Favourites_Roo_Jpa_ActiveRecord.aj)
	at uk.ac.bbk.bookface.domain.FavouritesDataOnDemand_Roo_DataOnDemand.ajc$interMethod$uk_ac_bbk_bookface_domain_FavouritesDataOnDemand_Roo_DataOnDemand$uk_ac_bbk_bookface_domain_FavouritesDataOnDemand$init(FavouritesDataOnDemand_Roo_DataOnDemand.aj:84)
	... 41 more
testPersist(uk.ac.bbk.bookface.domain.FavouritesIntegrationTest)  Time elapsed: 0 sec  <<< ERROR!
java.lang.RuntimeException: [ConstraintDescriptorImpl{annotation=javax.validation.constraints.NotNull, payloads=[], hasComposingConstraints=true, isReportAsSingleInvalidConstraint=false, elementType=FIELD, definedOn=DEFINED_LOCALLY, groups=[interface javax.validation.groups.Default], attributes={message={javax.validation.constraints.NotNull.message}, payload=[Ljava.lang.Class;@26ccfa41, groups=[Ljava.lang.Class;@5b41d54d}}:may not be null=null]
	at uk.ac.bbk.bookface.domain.FavouritesDataOnDemand_Roo_DataOnDemand.ajc$interMethod$uk_ac_bbk_bookface_domain_FavouritesDataOnDemand_Roo_DataOnDemand$uk_ac_bbk_bookface_domain_FavouritesDataOnDemand$init(FavouritesDataOnDemand_Roo_DataOnDemand.aj:91)
	at uk.ac.bbk.bookface.domain.FavouritesDataOnDemand.init(FavouritesDataOnDemand.java:1)
	at uk.ac.bbk.bookface.domain.FavouritesDataOnDemand_Roo_DataOnDemand.ajc$interMethodDispatch1$uk_ac_bbk_bookface_domain_FavouritesDataOnDemand_Roo_DataOnDemand$uk_ac_bbk_bookface_domain_FavouritesDataOnDemand$init(FavouritesDataOnDemand_Roo_DataOnDemand.aj)
	at uk.ac.bbk.bookface.domain.FavouritesDataOnDemand_Roo_DataOnDemand.ajc$interMethod$uk_ac_bbk_bookface_domain_FavouritesDataOnDemand_Roo_DataOnDemand$uk_ac_bbk_bookface_domain_FavouritesDataOnDemand$getRandomFavourites(FavouritesDataOnDemand_Roo_DataOnDemand.aj:59)
	at uk.ac.bbk.bookface.domain.FavouritesDataOnDemand.getRandomFavourites(FavouritesDataOnDemand.java:1)
	at uk.ac.bbk.bookface.domain.FavouritesDataOnDemand_Roo_DataOnDemand.ajc$interMethodDispatch1$uk_ac_bbk_bookface_domain_FavouritesDataOnDemand_Roo_DataOnDemand$uk_ac_bbk_bookface_domain_FavouritesDataOnDemand$getRandomFavourites(FavouritesDataOnDemand_Roo_DataOnDemand.aj)
	at uk.ac.bbk.bookface.domain.FavouritesIntegrationTest_Roo_IntegrationTest.ajc$interMethod$uk_ac_bbk_bookface_domain_FavouritesIntegrationTest_Roo_IntegrationTest$uk_ac_bbk_bookface_domain_FavouritesIntegrationTest$testPersist(FavouritesIntegrationTest_Roo_IntegrationTest.aj:100)
	at uk.ac.bbk.bookface.domain.FavouritesIntegrationTest.testPersist(FavouritesIntegrationTest.java:1)
	at sun.reflect.NativeMethodAccessorImpl.invoke0(Native Method)
	at sun.reflect.NativeMethodAccessorImpl.invoke(Unknown Source)
	at sun.reflect.DelegatingMethodAccessorImpl.invoke(Unknown Source)
	at java.lang.reflect.Method.invoke(Unknown Source)
	at org.junit.runners.model.FrameworkMethod$1.runReflectiveCall(FrameworkMethod.java:45)
	at org.junit.internal.runners.model.ReflectiveCallable.run(ReflectiveCallable.java:15)
	at org.junit.runners.model.FrameworkMethod.invokeExplosively(FrameworkMethod.java:42)
	at org.junit.internal.runners.statements.InvokeMethod.evaluate(InvokeMethod.java:20)
	at org.springframework.test.context.junit4.statements.RunBeforeTestMethodCallbacks.evaluate(RunBeforeTestMethodCallbacks.java:74)
	at org.springframework.test.context.junit4.statements.RunAfterTestMethodCallbacks.evaluate(RunAfterTestMethodCallbacks.java:83)
	at org.springframework.test.context.junit4.statements.SpringRepeat.evaluate(SpringRepeat.java:72)
	at org.springframework.test.context.junit4.SpringJUnit4ClassRunner.runChild(SpringJUnit4ClassRunner.java:231)
	at org.springframework.test.context.junit4.SpringJUnit4ClassRunner.runChild(SpringJUnit4ClassRunner.java:88)
	at org.junit.runners.ParentRunner$3.run(ParentRunner.java:231)
	at org.junit.runners.ParentRunner$1.schedule(ParentRunner.java:60)
	at org.junit.runners.ParentRunner.runChildren(ParentRunner.java:229)
	at org.junit.runners.ParentRunner.access$000(ParentRunner.java:50)
	at org.junit.runners.ParentRunner$2.evaluate(ParentRunner.java:222)
	at org.springframework.test.context.junit4.statements.RunBeforeTestClassCallbacks.evaluate(RunBeforeTestClassCallbacks.java:61)
	at org.springframework.test.context.junit4.statements.RunAfterTestClassCallbacks.evaluate(RunAfterTestClassCallbacks.java:71)
	at org.junit.runners.ParentRunner.run(ParentRunner.java:300)
	at org.springframework.test.context.junit4.SpringJUnit4ClassRunner.run(SpringJUnit4ClassRunner.java:174)
	at org.apache.maven.surefire.junit4.JUnit4Provider.execute(JUnit4Provider.java:236)
	at org.apache.maven.surefire.junit4.JUnit4Provider.executeTestSet(JUnit4Provider.java:134)
	at org.apache.maven.surefire.junit4.JUnit4Provider.invoke(JUnit4Provider.java:113)
	at sun.reflect.NativeMethodAccessorImpl.invoke0(Native Method)
	at sun.reflect.NativeMethodAccessorImpl.invoke(Unknown Source)
	at sun.reflect.DelegatingMethodAccessorImpl.invoke(Unknown Source)
	at java.lang.reflect.Method.invoke(Unknown Source)
	at org.apache.maven.surefire.util.ReflectionUtils.invokeMethodWithArray(ReflectionUtils.java:189)
	at org.apache.maven.surefire.booter.ProviderFactory$ProviderProxy.invoke(ProviderFactory.java:165)
	at org.apache.maven.surefire.booter.ProviderFactory.invokeProvider(ProviderFactory.java:85)
	at org.apache.maven.surefire.booter.ForkedBooter.runSuitesInProcess(ForkedBooter.java:103)
	at org.apache.maven.surefire.booter.ForkedBooter.main(ForkedBooter.java:74)
Caused by: javax.validation.ConstraintViolationException: Validation failed for classes [uk.ac.bbk.bookface.domain.Favourites] during persist time for groups [javax.validation.groups.Default, ]
List of constraint violations:[
	ConstraintViolationImpl{interpolatedMessage='may not be null', propertyPath=identifier, rootBeanClass=class uk.ac.bbk.bookface.domain.Favourites, messageTemplate='{javax.validation.constraints.NotNull.message}'}
]
	at org.hibernate.cfg.beanvalidation.BeanValidationEventListener.validate(BeanValidationEventListener.java:159)
	at org.hibernate.cfg.beanvalidation.BeanValidationEventListener.onPreInsert(BeanValidationEventListener.java:94)
	at org.hibernate.action.internal.EntityIdentityInsertAction.preInsert(EntityIdentityInsertAction.java:178)
	at org.hibernate.action.internal.EntityIdentityInsertAction.execute(EntityIdentityInsertAction.java:75)
	at org.hibernate.engine.spi.ActionQueue.execute(ActionQueue.java:362)
	at org.hibernate.engine.spi.ActionQueue.addResolvedEntityInsertAction(ActionQueue.java:203)
	at org.hibernate.engine.spi.ActionQueue.addInsertAction(ActionQueue.java:183)
	at org.hibernate.engine.spi.ActionQueue.addAction(ActionQueue.java:167)
	at org.hibernate.event.internal.AbstractSaveEventListener.addInsertAction(AbstractSaveEventListener.java:320)
	at org.hibernate.event.internal.AbstractSaveEventListener.performSaveOrReplicate(AbstractSaveEventListener.java:287)
	at org.hibernate.event.internal.AbstractSaveEventListener.performSave(AbstractSaveEventListener.java:193)
	at org.hibernate.event.internal.AbstractSaveEventListener.saveWithGeneratedId(AbstractSaveEventListener.java:126)
	at org.hibernate.ejb.event.EJB3PersistEventListener.saveWithGeneratedId(EJB3PersistEventListener.java:78)
	at org.hibernate.event.internal.DefaultPersistEventListener.entityIsTransient(DefaultPersistEventListener.java:208)
	at org.hibernate.event.internal.DefaultPersistEventListener.onPersist(DefaultPersistEventListener.java:151)
	at org.hibernate.event.internal.DefaultPersistEventListener.onPersist(DefaultPersistEventListener.java:78)
	at org.hibernate.internal.SessionImpl.firePersist(SessionImpl.java:843)
	at org.hibernate.internal.SessionImpl.persist(SessionImpl.java:818)
	at org.hibernate.internal.SessionImpl.persist(SessionImpl.java:822)
	at org.hibernate.ejb.AbstractEntityManagerImpl.persist(AbstractEntityManagerImpl.java:865)
	at sun.reflect.GeneratedMethodAccessor12.invoke(Unknown Source)
	at sun.reflect.DelegatingMethodAccessorImpl.invoke(Unknown Source)
	at java.lang.reflect.Method.invoke(Unknown Source)
	at org.springframework.orm.jpa.SharedEntityManagerCreator$SharedEntityManagerInvocationHandler.invoke(SharedEntityManagerCreator.java:240)
	at sun.proxy.$Proxy33.persist(Unknown Source)
	at uk.ac.bbk.bookface.domain.Favourites_Roo_Jpa_ActiveRecord.ajc$interMethod$uk_ac_bbk_bookface_domain_Favourites_Roo_Jpa_ActiveRecord$uk_ac_bbk_bookface_domain_Favourites$persist(Favourites_Roo_Jpa_ActiveRecord.aj:43)
	at uk.ac.bbk.bookface.domain.Favourites.persist(Favourites.java:1)
	at uk.ac.bbk.bookface.domain.Favourites_Roo_Jpa_ActiveRecord.ajc$interMethodDispatch1$uk_ac_bbk_bookface_domain_Favourites_Roo_Jpa_ActiveRecord$uk_ac_bbk_bookface_domain_Favourites$persist(Favourites_Roo_Jpa_ActiveRecord.aj)
	at uk.ac.bbk.bookface.domain.FavouritesDataOnDemand_Roo_DataOnDemand.ajc$interMethod$uk_ac_bbk_bookface_domain_FavouritesDataOnDemand_Roo_DataOnDemand$uk_ac_bbk_bookface_domain_FavouritesDataOnDemand$init(FavouritesDataOnDemand_Roo_DataOnDemand.aj:84)
	... 41 more
testMergeUpdate(uk.ac.bbk.bookface.domain.FavouritesIntegrationTest)  Time elapsed: 0 sec  <<< ERROR!
java.lang.RuntimeException: [ConstraintDescriptorImpl{annotation=javax.validation.constraints.NotNull, payloads=[], hasComposingConstraints=true, isReportAsSingleInvalidConstraint=false, elementType=FIELD, definedOn=DEFINED_LOCALLY, groups=[interface javax.validation.groups.Default], attributes={message={javax.validation.constraints.NotNull.message}, payload=[Ljava.lang.Class;@26ccfa41, groups=[Ljava.lang.Class;@5b41d54d}}:may not be null=null]
	at uk.ac.bbk.bookface.domain.FavouritesDataOnDemand_Roo_DataOnDemand.ajc$interMethod$uk_ac_bbk_bookface_domain_FavouritesDataOnDemand_Roo_DataOnDemand$uk_ac_bbk_bookface_domain_FavouritesDataOnDemand$init(FavouritesDataOnDemand_Roo_DataOnDemand.aj:91)
	at uk.ac.bbk.bookface.domain.FavouritesDataOnDemand.init(FavouritesDataOnDemand.java:1)
	at uk.ac.bbk.bookface.domain.FavouritesDataOnDemand_Roo_DataOnDemand.ajc$interMethodDispatch1$uk_ac_bbk_bookface_domain_FavouritesDataOnDemand_Roo_DataOnDemand$uk_ac_bbk_bookface_domain_FavouritesDataOnDemand$init(FavouritesDataOnDemand_Roo_DataOnDemand.aj)
	at uk.ac.bbk.bookface.domain.FavouritesDataOnDemand_Roo_DataOnDemand.ajc$interMethod$uk_ac_bbk_bookface_domain_FavouritesDataOnDemand_Roo_DataOnDemand$uk_ac_bbk_bookface_domain_FavouritesDataOnDemand$getRandomFavourites(FavouritesDataOnDemand_Roo_DataOnDemand.aj:59)
	at uk.ac.bbk.bookface.domain.FavouritesDataOnDemand.getRandomFavourites(FavouritesDataOnDemand.java:1)
	at uk.ac.bbk.bookface.domain.FavouritesDataOnDemand_Roo_DataOnDemand.ajc$interMethodDispatch1$uk_ac_bbk_bookface_domain_FavouritesDataOnDemand_Roo_DataOnDemand$uk_ac_bbk_bookface_domain_FavouritesDataOnDemand$getRandomFavourites(FavouritesDataOnDemand_Roo_DataOnDemand.aj)
	at uk.ac.bbk.bookface.domain.FavouritesIntegrationTest_Roo_IntegrationTest.ajc$interMethod$uk_ac_bbk_bookface_domain_FavouritesIntegrationTest_Roo_IntegrationTest$uk_ac_bbk_bookface_domain_FavouritesIntegrationTest$testMergeUpdate(FavouritesIntegrationTest_Roo_IntegrationTest.aj:85)
	at uk.ac.bbk.bookface.domain.FavouritesIntegrationTest.testMergeUpdate(FavouritesIntegrationTest.java:1)
	at sun.reflect.NativeMethodAccessorImpl.invoke0(Native Method)
	at sun.reflect.NativeMethodAccessorImpl.invoke(Unknown Source)
	at sun.reflect.DelegatingMethodAccessorImpl.invoke(Unknown Source)
	at java.lang.reflect.Method.invoke(Unknown Source)
	at org.junit.runners.model.FrameworkMethod$1.runReflectiveCall(FrameworkMethod.java:45)
	at org.junit.internal.runners.model.ReflectiveCallable.run(ReflectiveCallable.java:15)
	at org.junit.runners.model.FrameworkMethod.invokeExplosively(FrameworkMethod.java:42)
	at org.junit.internal.runners.statements.InvokeMethod.evaluate(InvokeMethod.java:20)
	at org.springframework.test.context.junit4.statements.RunBeforeTestMethodCallbacks.evaluate(RunBeforeTestMethodCallbacks.java:74)
	at org.springframework.test.context.junit4.statements.RunAfterTestMethodCallbacks.evaluate(RunAfterTestMethodCallbacks.java:83)
	at org.springframework.test.context.junit4.statements.SpringRepeat.evaluate(SpringRepeat.java:72)
	at org.springframework.test.context.junit4.SpringJUnit4ClassRunner.runChild(SpringJUnit4ClassRunner.java:231)
	at org.springframework.test.context.junit4.SpringJUnit4ClassRunner.runChild(SpringJUnit4ClassRunner.java:88)
	at org.junit.runners.ParentRunner$3.run(ParentRunner.java:231)
	at org.junit.runners.ParentRunner$1.schedule(ParentRunner.java:60)
	at org.junit.runners.ParentRunner.runChildren(ParentRunner.java:229)
	at org.junit.runners.ParentRunner.access$000(ParentRunner.java:50)
	at org.junit.runners.ParentRunner$2.evaluate(ParentRunner.java:222)
	at org.springframework.test.context.junit4.statements.RunBeforeTestClassCallbacks.evaluate(RunBeforeTestClassCallbacks.java:61)
	at org.springframework.test.context.junit4.statements.RunAfterTestClassCallbacks.evaluate(RunAfterTestClassCallbacks.java:71)
	at org.junit.runners.ParentRunner.run(ParentRunner.java:300)
	at org.springframework.test.context.junit4.SpringJUnit4ClassRunner.run(SpringJUnit4ClassRunner.java:174)
	at org.apache.maven.surefire.junit4.JUnit4Provider.execute(JUnit4Provider.java:236)
	at org.apache.maven.surefire.junit4.JUnit4Provider.executeTestSet(JUnit4Provider.java:134)
	at org.apache.maven.surefire.junit4.JUnit4Provider.invoke(JUnit4Provider.java:113)
	at sun.reflect.NativeMethodAccessorImpl.invoke0(Native Method)
	at sun.reflect.NativeMethodAccessorImpl.invoke(Unknown Source)
	at sun.reflect.DelegatingMethodAccessorImpl.invoke(Unknown Source)
	at java.lang.reflect.Method.invoke(Unknown Source)
	at org.apache.maven.surefire.util.ReflectionUtils.invokeMethodWithArray(ReflectionUtils.java:189)
	at org.apache.maven.surefire.booter.ProviderFactory$ProviderProxy.invoke(ProviderFactory.java:165)
	at org.apache.maven.surefire.booter.ProviderFactory.invokeProvider(ProviderFactory.java:85)
	at org.apache.maven.surefire.booter.ForkedBooter.runSuitesInProcess(ForkedBooter.java:103)
	at org.apache.maven.surefire.booter.ForkedBooter.main(ForkedBooter.java:74)
Caused by: javax.validation.ConstraintViolationException: Validation failed for classes [uk.ac.bbk.bookface.domain.Favourites] during persist time for groups [javax.validation.groups.Default, ]
List of constraint violations:[
	ConstraintViolationImpl{interpolatedMessage='may not be null', propertyPath=identifier, rootBeanClass=class uk.ac.bbk.bookface.domain.Favourites, messageTemplate='{javax.validation.constraints.NotNull.message}'}
]
	at org.hibernate.cfg.beanvalidation.BeanValidationEventListener.validate(BeanValidationEventListener.java:159)
	at org.hibernate.cfg.beanvalidation.BeanValidationEventListener.onPreInsert(BeanValidationEventListener.java:94)
	at org.hibernate.action.internal.EntityIdentityInsertAction.preInsert(EntityIdentityInsertAction.java:178)
	at org.hibernate.action.internal.EntityIdentityInsertAction.execute(EntityIdentityInsertAction.java:75)
	at org.hibernate.engine.spi.ActionQueue.execute(ActionQueue.java:362)
	at org.hibernate.engine.spi.ActionQueue.addResolvedEntityInsertAction(ActionQueue.java:203)
	at org.hibernate.engine.spi.ActionQueue.addInsertAction(ActionQueue.java:183)
	at org.hibernate.engine.spi.ActionQueue.addAction(ActionQueue.java:167)
	at org.hibernate.event.internal.AbstractSaveEventListener.addInsertAction(AbstractSaveEventListener.java:320)
	at org.hibernate.event.internal.AbstractSaveEventListener.performSaveOrReplicate(AbstractSaveEventListener.java:287)
	at org.hibernate.event.internal.AbstractSaveEventListener.performSave(AbstractSaveEventListener.java:193)
	at org.hibernate.event.internal.AbstractSaveEventListener.saveWithGeneratedId(AbstractSaveEventListener.java:126)
	at org.hibernate.ejb.event.EJB3PersistEventListener.saveWithGeneratedId(EJB3PersistEventListener.java:78)
	at org.hibernate.event.internal.DefaultPersistEventListener.entityIsTransient(DefaultPersistEventListener.java:208)
	at org.hibernate.event.internal.DefaultPersistEventListener.onPersist(DefaultPersistEventListener.java:151)
	at org.hibernate.event.internal.DefaultPersistEventListener.onPersist(DefaultPersistEventListener.java:78)
	at org.hibernate.internal.SessionImpl.firePersist(SessionImpl.java:843)
	at org.hibernate.internal.SessionImpl.persist(SessionImpl.java:818)
	at org.hibernate.internal.SessionImpl.persist(SessionImpl.java:822)
	at org.hibernate.ejb.AbstractEntityManagerImpl.persist(AbstractEntityManagerImpl.java:865)
	at sun.reflect.GeneratedMethodAccessor12.invoke(Unknown Source)
	at sun.reflect.DelegatingMethodAccessorImpl.invoke(Unknown Source)
	at java.lang.reflect.Method.invoke(Unknown Source)
	at org.springframework.orm.jpa.SharedEntityManagerCreator$SharedEntityManagerInvocationHandler.invoke(SharedEntityManagerCreator.java:240)
	at sun.proxy.$Proxy33.persist(Unknown Source)
	at uk.ac.bbk.bookface.domain.Favourites_Roo_Jpa_ActiveRecord.ajc$interMethod$uk_ac_bbk_bookface_domain_Favourites_Roo_Jpa_ActiveRecord$uk_ac_bbk_bookface_domain_Favourites$persist(Favourites_Roo_Jpa_ActiveRecord.aj:43)
	at uk.ac.bbk.bookface.domain.Favourites.persist(Favourites.java:1)
	at uk.ac.bbk.bookface.domain.Favourites_Roo_Jpa_ActiveRecord.ajc$interMethodDispatch1$uk_ac_bbk_bookface_domain_Favourites_Roo_Jpa_ActiveRecord$uk_ac_bbk_bookface_domain_Favourites$persist(Favourites_Roo_Jpa_ActiveRecord.aj)
	at uk.ac.bbk.bookface.domain.FavouritesDataOnDemand_Roo_DataOnDemand.ajc$interMethod$uk_ac_bbk_bookface_domain_FavouritesDataOnDemand_Roo_DataOnDemand$uk_ac_bbk_bookface_domain_FavouritesDataOnDemand$init(FavouritesDataOnDemand_Roo_DataOnDemand.aj:84)
	... 41 more
testFindFavouritesEntries(uk.ac.bbk.bookface.domain.FavouritesIntegrationTest)  Time elapsed: 0.078 sec  <<< ERROR!
java.lang.RuntimeException: [ConstraintDescriptorImpl{annotation=javax.validation.constraints.NotNull, payloads=[], hasComposingConstraints=true, isReportAsSingleInvalidConstraint=false, elementType=FIELD, definedOn=DEFINED_LOCALLY, groups=[interface javax.validation.groups.Default], attributes={message={javax.validation.constraints.NotNull.message}, payload=[Ljava.lang.Class;@26ccfa41, groups=[Ljava.lang.Class;@5b41d54d}}:may not be null=null]
	at uk.ac.bbk.bookface.domain.FavouritesDataOnDemand_Roo_DataOnDemand.ajc$interMethod$uk_ac_bbk_bookface_domain_FavouritesDataOnDemand_Roo_DataOnDemand$uk_ac_bbk_bookface_domain_FavouritesDataOnDemand$init(FavouritesDataOnDemand_Roo_DataOnDemand.aj:91)
	at uk.ac.bbk.bookface.domain.FavouritesDataOnDemand.init(FavouritesDataOnDemand.java:1)
	at uk.ac.bbk.bookface.domain.FavouritesDataOnDemand_Roo_DataOnDemand.ajc$interMethodDispatch1$uk_ac_bbk_bookface_domain_FavouritesDataOnDemand_Roo_DataOnDemand$uk_ac_bbk_bookface_domain_FavouritesDataOnDemand$init(FavouritesDataOnDemand_Roo_DataOnDemand.aj)
	at uk.ac.bbk.bookface.domain.FavouritesDataOnDemand_Roo_DataOnDemand.ajc$interMethod$uk_ac_bbk_bookface_domain_FavouritesDataOnDemand_Roo_DataOnDemand$uk_ac_bbk_bookface_domain_FavouritesDataOnDemand$getRandomFavourites(FavouritesDataOnDemand_Roo_DataOnDemand.aj:59)
	at uk.ac.bbk.bookface.domain.FavouritesDataOnDemand.getRandomFavourites(FavouritesDataOnDemand.java:1)
	at uk.ac.bbk.bookface.domain.FavouritesDataOnDemand_Roo_DataOnDemand.ajc$interMethodDispatch1$uk_ac_bbk_bookface_domain_FavouritesDataOnDemand_Roo_DataOnDemand$uk_ac_bbk_bookface_domain_FavouritesDataOnDemand$getRandomFavourites(FavouritesDataOnDemand_Roo_DataOnDemand.aj)
	at uk.ac.bbk.bookface.domain.FavouritesIntegrationTest_Roo_IntegrationTest.ajc$interMethod$uk_ac_bbk_bookface_domain_FavouritesIntegrationTest_Roo_IntegrationTest$uk_ac_bbk_bookface_domain_FavouritesIntegrationTest$testFindFavouritesEntries(FavouritesIntegrationTest_Roo_IntegrationTest.aj:59)
	at uk.ac.bbk.bookface.domain.FavouritesIntegrationTest.testFindFavouritesEntries(FavouritesIntegrationTest.java:1)
	at sun.reflect.NativeMethodAccessorImpl.invoke0(Native Method)
	at sun.reflect.NativeMethodAccessorImpl.invoke(Unknown Source)
	at sun.reflect.DelegatingMethodAccessorImpl.invoke(Unknown Source)
	at java.lang.reflect.Method.invoke(Unknown Source)
	at org.junit.runners.model.FrameworkMethod$1.runReflectiveCall(FrameworkMethod.java:45)
	at org.junit.internal.runners.model.ReflectiveCallable.run(ReflectiveCallable.java:15)
	at org.junit.runners.model.FrameworkMethod.invokeExplosively(FrameworkMethod.java:42)
	at org.junit.internal.runners.statements.InvokeMethod.evaluate(InvokeMethod.java:20)
	at org.springframework.test.context.junit4.statements.RunBeforeTestMethodCallbacks.evaluate(RunBeforeTestMethodCallbacks.java:74)
	at org.springframework.test.context.junit4.statements.RunAfterTestMethodCallbacks.evaluate(RunAfterTestMethodCallbacks.java:83)
	at org.springframework.test.context.junit4.statements.SpringRepeat.evaluate(SpringRepeat.java:72)
	at org.springframework.test.context.junit4.SpringJUnit4ClassRunner.runChild(SpringJUnit4ClassRunner.java:231)
	at org.springframework.test.context.junit4.SpringJUnit4ClassRunner.runChild(SpringJUnit4ClassRunner.java:88)
	at org.junit.runners.ParentRunner$3.run(ParentRunner.java:231)
	at org.junit.runners.ParentRunner$1.schedule(ParentRunner.java:60)
	at org.junit.runners.ParentRunner.runChildren(ParentRunner.java:229)
	at org.junit.runners.ParentRunner.access$000(ParentRunner.java:50)
	at org.junit.runners.ParentRunner$2.evaluate(ParentRunner.java:222)
	at org.springframework.test.context.junit4.statements.RunBeforeTestClassCallbacks.evaluate(RunBeforeTestClassCallbacks.java:61)
	at org.springframework.test.context.junit4.statements.RunAfterTestClassCallbacks.evaluate(RunAfterTestClassCallbacks.java:71)
	at org.junit.runners.ParentRunner.run(ParentRunner.java:300)
	at org.springframework.test.context.junit4.SpringJUnit4ClassRunner.run(SpringJUnit4ClassRunner.java:174)
	at org.apache.maven.surefire.junit4.JUnit4Provider.execute(JUnit4Provider.java:236)
	at org.apache.maven.surefire.junit4.JUnit4Provider.executeTestSet(JUnit4Provider.java:134)
	at org.apache.maven.surefire.junit4.JUnit4Provider.invoke(JUnit4Provider.java:113)
	at sun.reflect.NativeMethodAccessorImpl.invoke0(Native Method)
	at sun.reflect.NativeMethodAccessorImpl.invoke(Unknown Source)
	at sun.reflect.DelegatingMethodAccessorImpl.invoke(Unknown Source)
	at java.lang.reflect.Method.invoke(Unknown Source)
	at org.apache.maven.surefire.util.ReflectionUtils.invokeMethodWithArray(ReflectionUtils.java:189)
	at org.apache.maven.surefire.booter.ProviderFactory$ProviderProxy.invoke(ProviderFactory.java:165)
	at org.apache.maven.surefire.booter.ProviderFactory.invokeProvider(ProviderFactory.java:85)
	at org.apache.maven.surefire.booter.ForkedBooter.runSuitesInProcess(ForkedBooter.java:103)
	at org.apache.maven.surefire.booter.ForkedBooter.main(ForkedBooter.java:74)
Caused by: javax.validation.ConstraintViolationException: Validation failed for classes [uk.ac.bbk.bookface.domain.Favourites] during persist time for groups [javax.validation.groups.Default, ]
List of constraint violations:[
	ConstraintViolationImpl{interpolatedMessage='may not be null', propertyPath=identifier, rootBeanClass=class uk.ac.bbk.bookface.domain.Favourites, messageTemplate='{javax.validation.constraints.NotNull.message}'}
]
	at org.hibernate.cfg.beanvalidation.BeanValidationEventListener.validate(BeanValidationEventListener.java:159)
	at org.hibernate.cfg.beanvalidation.BeanValidationEventListener.onPreInsert(BeanValidationEventListener.java:94)
	at org.hibernate.action.internal.EntityIdentityInsertAction.preInsert(EntityIdentityInsertAction.java:178)
	at org.hibernate.action.internal.EntityIdentityInsertAction.execute(EntityIdentityInsertAction.java:75)
	at org.hibernate.engine.spi.ActionQueue.execute(ActionQueue.java:362)
	at org.hibernate.engine.spi.ActionQueue.addResolvedEntityInsertAction(ActionQueue.java:203)
	at org.hibernate.engine.spi.ActionQueue.addInsertAction(ActionQueue.java:183)
	at org.hibernate.engine.spi.ActionQueue.addAction(ActionQueue.java:167)
	at org.hibernate.event.internal.AbstractSaveEventListener.addInsertAction(AbstractSaveEventListener.java:320)
	at org.hibernate.event.internal.AbstractSaveEventListener.performSaveOrReplicate(AbstractSaveEventListener.java:287)
	at org.hibernate.event.internal.AbstractSaveEventListener.performSave(AbstractSaveEventListener.java:193)
	at org.hibernate.event.internal.AbstractSaveEventListener.saveWithGeneratedId(AbstractSaveEventListener.java:126)
	at org.hibernate.ejb.event.EJB3PersistEventListener.saveWithGeneratedId(EJB3PersistEventListener.java:78)
	at org.hibernate.event.internal.DefaultPersistEventListener.entityIsTransient(DefaultPersistEventListener.java:208)
	at org.hibernate.event.internal.DefaultPersistEventListener.onPersist(DefaultPersistEventListener.java:151)
	at org.hibernate.event.internal.DefaultPersistEventListener.onPersist(DefaultPersistEventListener.java:78)
	at org.hibernate.internal.SessionImpl.firePersist(SessionImpl.java:843)
	at org.hibernate.internal.SessionImpl.persist(SessionImpl.java:818)
	at org.hibernate.internal.SessionImpl.persist(SessionImpl.java:822)
	at org.hibernate.ejb.AbstractEntityManagerImpl.persist(AbstractEntityManagerImpl.java:865)
	at sun.reflect.GeneratedMethodAccessor12.invoke(Unknown Source)
	at sun.reflect.DelegatingMethodAccessorImpl.invoke(Unknown Source)
	at java.lang.reflect.Method.invoke(Unknown Source)
	at org.springframework.orm.jpa.SharedEntityManagerCreator$SharedEntityManagerInvocationHandler.invoke(SharedEntityManagerCreator.java:240)
	at sun.proxy.$Proxy33.persist(Unknown Source)
	at uk.ac.bbk.bookface.domain.Favourites_Roo_Jpa_ActiveRecord.ajc$interMethod$uk_ac_bbk_bookface_domain_Favourites_Roo_Jpa_ActiveRecord$uk_ac_bbk_bookface_domain_Favourites$persist(Favourites_Roo_Jpa_ActiveRecord.aj:43)
	at uk.ac.bbk.bookface.domain.Favourites.persist(Favourites.java:1)
	at uk.ac.bbk.bookface.domain.Favourites_Roo_Jpa_ActiveRecord.ajc$interMethodDispatch1$uk_ac_bbk_bookface_domain_Favourites_Roo_Jpa_ActiveRecord$uk_ac_bbk_bookface_domain_Favourites$persist(Favourites_Roo_Jpa_ActiveRecord.aj)
	at uk.ac.bbk.bookface.domain.FavouritesDataOnDemand_Roo_DataOnDemand.ajc$interMethod$uk_ac_bbk_bookface_domain_FavouritesDataOnDemand_Roo_DataOnDemand$uk_ac_bbk_bookface_domain_FavouritesDataOnDemand$init(FavouritesDataOnDemand_Roo_DataOnDemand.aj:84)
	... 41 more
testFindAllFavouriteses(uk.ac.bbk.bookface.domain.FavouritesIntegrationTest)  Time elapsed: 0 sec  <<< ERROR!
java.lang.RuntimeException: [ConstraintDescriptorImpl{annotation=javax.validation.constraints.NotNull, payloads=[], hasComposingConstraints=true, isReportAsSingleInvalidConstraint=false, elementType=FIELD, definedOn=DEFINED_LOCALLY, groups=[interface javax.validation.groups.Default], attributes={message={javax.validation.constraints.NotNull.message}, payload=[Ljava.lang.Class;@26ccfa41, groups=[Ljava.lang.Class;@5b41d54d}}:may not be null=null]
	at uk.ac.bbk.bookface.domain.FavouritesDataOnDemand_Roo_DataOnDemand.ajc$interMethod$uk_ac_bbk_bookface_domain_FavouritesDataOnDemand_Roo_DataOnDemand$uk_ac_bbk_bookface_domain_FavouritesDataOnDemand$init(FavouritesDataOnDemand_Roo_DataOnDemand.aj:91)
	at uk.ac.bbk.bookface.domain.FavouritesDataOnDemand.init(FavouritesDataOnDemand.java:1)
	at uk.ac.bbk.bookface.domain.FavouritesDataOnDemand_Roo_DataOnDemand.ajc$interMethodDispatch1$uk_ac_bbk_bookface_domain_FavouritesDataOnDemand_Roo_DataOnDemand$uk_ac_bbk_bookface_domain_FavouritesDataOnDemand$init(FavouritesDataOnDemand_Roo_DataOnDemand.aj)
	at uk.ac.bbk.bookface.domain.FavouritesDataOnDemand_Roo_DataOnDemand.ajc$interMethod$uk_ac_bbk_bookface_domain_FavouritesDataOnDemand_Roo_DataOnDemand$uk_ac_bbk_bookface_domain_FavouritesDataOnDemand$getRandomFavourites(FavouritesDataOnDemand_Roo_DataOnDemand.aj:59)
	at uk.ac.bbk.bookface.domain.FavouritesDataOnDemand.getRandomFavourites(FavouritesDataOnDemand.java:1)
	at uk.ac.bbk.bookface.domain.FavouritesDataOnDemand_Roo_DataOnDemand.ajc$interMethodDispatch1$uk_ac_bbk_bookface_domain_FavouritesDataOnDemand_Roo_DataOnDemand$uk_ac_bbk_bookface_domain_FavouritesDataOnDemand$getRandomFavourites(FavouritesDataOnDemand_Roo_DataOnDemand.aj)
	at uk.ac.bbk.bookface.domain.FavouritesIntegrationTest_Roo_IntegrationTest.ajc$interMethod$uk_ac_bbk_bookface_domain_FavouritesIntegrationTest_Roo_IntegrationTest$uk_ac_bbk_bookface_domain_FavouritesIntegrationTest$testFindAllFavouriteses(FavouritesIntegrationTest_Roo_IntegrationTest.aj:49)
	at uk.ac.bbk.bookface.domain.FavouritesIntegrationTest.testFindAllFavouriteses(FavouritesIntegrationTest.java:1)
	at sun.reflect.NativeMethodAccessorImpl.invoke0(Native Method)
	at sun.reflect.NativeMethodAccessorImpl.invoke(Unknown Source)
	at sun.reflect.DelegatingMethodAccessorImpl.invoke(Unknown Source)
	at java.lang.reflect.Method.invoke(Unknown Source)
	at org.junit.runners.model.FrameworkMethod$1.runReflectiveCall(FrameworkMethod.java:45)
	at org.junit.internal.runners.model.ReflectiveCallable.run(ReflectiveCallable.java:15)
	at org.junit.runners.model.FrameworkMethod.invokeExplosively(FrameworkMethod.java:42)
	at org.junit.internal.runners.statements.InvokeMethod.evaluate(InvokeMethod.java:20)
	at org.springframework.test.context.junit4.statements.RunBeforeTestMethodCallbacks.evaluate(RunBeforeTestMethodCallbacks.java:74)
	at org.springframework.test.context.junit4.statements.RunAfterTestMethodCallbacks.evaluate(RunAfterTestMethodCallbacks.java:83)
	at org.springframework.test.context.junit4.statements.SpringRepeat.evaluate(SpringRepeat.java:72)
	at org.springframework.test.context.junit4.SpringJUnit4ClassRunner.runChild(SpringJUnit4ClassRunner.java:231)
	at org.springframework.test.context.junit4.SpringJUnit4ClassRunner.runChild(SpringJUnit4ClassRunner.java:88)
	at org.junit.runners.ParentRunner$3.run(ParentRunner.java:231)
	at org.junit.runners.ParentRunner$1.schedule(ParentRunner.java:60)
	at org.junit.runners.ParentRunner.runChildren(ParentRunner.java:229)
	at org.junit.runners.ParentRunner.access$000(ParentRunner.java:50)
	at org.junit.runners.ParentRunner$2.evaluate(ParentRunner.java:222)
	at org.springframework.test.context.junit4.statements.RunBeforeTestClassCallbacks.evaluate(RunBeforeTestClassCallbacks.java:61)
	at org.springframework.test.context.junit4.statements.RunAfterTestClassCallbacks.evaluate(RunAfterTestClassCallbacks.java:71)
	at org.junit.runners.ParentRunner.run(ParentRunner.java:300)
	at org.springframework.test.context.junit4.SpringJUnit4ClassRunner.run(SpringJUnit4ClassRunner.java:174)
	at org.apache.maven.surefire.junit4.JUnit4Provider.execute(JUnit4Provider.java:236)
	at org.apache.maven.surefire.junit4.JUnit4Provider.executeTestSet(JUnit4Provider.java:134)
	at org.apache.maven.surefire.junit4.JUnit4Provider.invoke(JUnit4Provider.java:113)
	at sun.reflect.NativeMethodAccessorImpl.invoke0(Native Method)
	at sun.reflect.NativeMethodAccessorImpl.invoke(Unknown Source)
	at sun.reflect.DelegatingMethodAccessorImpl.invoke(Unknown Source)
	at java.lang.reflect.Method.invoke(Unknown Source)
	at org.apache.maven.surefire.util.ReflectionUtils.invokeMethodWithArray(ReflectionUtils.java:189)
	at org.apache.maven.surefire.booter.ProviderFactory$ProviderProxy.invoke(ProviderFactory.java:165)
	at org.apache.maven.surefire.booter.ProviderFactory.invokeProvider(ProviderFactory.java:85)
	at org.apache.maven.surefire.booter.ForkedBooter.runSuitesInProcess(ForkedBooter.java:103)
	at org.apache.maven.surefire.booter.ForkedBooter.main(ForkedBooter.java:74)
Caused by: javax.validation.ConstraintViolationException: Validation failed for classes [uk.ac.bbk.bookface.domain.Favourites] during persist time for groups [javax.validation.groups.Default, ]
List of constraint violations:[
	ConstraintViolationImpl{interpolatedMessage='may not be null', propertyPath=identifier, rootBeanClass=class uk.ac.bbk.bookface.domain.Favourites, messageTemplate='{javax.validation.constraints.NotNull.message}'}
]
	at org.hibernate.cfg.beanvalidation.BeanValidationEventListener.validate(BeanValidationEventListener.java:159)
	at org.hibernate.cfg.beanvalidation.BeanValidationEventListener.onPreInsert(BeanValidationEventListener.java:94)
	at org.hibernate.action.internal.EntityIdentityInsertAction.preInsert(EntityIdentityInsertAction.java:178)
	at org.hibernate.action.internal.EntityIdentityInsertAction.execute(EntityIdentityInsertAction.java:75)
	at org.hibernate.engine.spi.ActionQueue.execute(ActionQueue.java:362)
	at org.hibernate.engine.spi.ActionQueue.addResolvedEntityInsertAction(ActionQueue.java:203)
	at org.hibernate.engine.spi.ActionQueue.addInsertAction(ActionQueue.java:183)
	at org.hibernate.engine.spi.ActionQueue.addAction(ActionQueue.java:167)
	at org.hibernate.event.internal.AbstractSaveEventListener.addInsertAction(AbstractSaveEventListener.java:320)
	at org.hibernate.event.internal.AbstractSaveEventListener.performSaveOrReplicate(AbstractSaveEventListener.java:287)
	at org.hibernate.event.internal.AbstractSaveEventListener.performSave(AbstractSaveEventListener.java:193)
	at org.hibernate.event.internal.AbstractSaveEventListener.saveWithGeneratedId(AbstractSaveEventListener.java:126)
	at org.hibernate.ejb.event.EJB3PersistEventListener.saveWithGeneratedId(EJB3PersistEventListener.java:78)
	at org.hibernate.event.internal.DefaultPersistEventListener.entityIsTransient(DefaultPersistEventListener.java:208)
	at org.hibernate.event.internal.DefaultPersistEventListener.onPersist(DefaultPersistEventListener.java:151)
	at org.hibernate.event.internal.DefaultPersistEventListener.onPersist(DefaultPersistEventListener.java:78)
	at org.hibernate.internal.SessionImpl.firePersist(SessionImpl.java:843)
	at org.hibernate.internal.SessionImpl.persist(SessionImpl.java:818)
	at org.hibernate.internal.SessionImpl.persist(SessionImpl.java:822)
	at org.hibernate.ejb.AbstractEntityManagerImpl.persist(AbstractEntityManagerImpl.java:865)
	at sun.reflect.GeneratedMethodAccessor12.invoke(Unknown Source)
	at sun.reflect.DelegatingMethodAccessorImpl.invoke(Unknown Source)
	at java.lang.reflect.Method.invoke(Unknown Source)
	at org.springframework.orm.jpa.SharedEntityManagerCreator$SharedEntityManagerInvocationHandler.invoke(SharedEntityManagerCreator.java:240)
	at sun.proxy.$Proxy33.persist(Unknown Source)
	at uk.ac.bbk.bookface.domain.Favourites_Roo_Jpa_ActiveRecord.ajc$interMethod$uk_ac_bbk_bookface_domain_Favourites_Roo_Jpa_ActiveRecord$uk_ac_bbk_bookface_domain_Favourites$persist(Favourites_Roo_Jpa_ActiveRecord.aj:43)
	at uk.ac.bbk.bookface.domain.Favourites.persist(Favourites.java:1)
	at uk.ac.bbk.bookface.domain.Favourites_Roo_Jpa_ActiveRecord.ajc$interMethodDispatch1$uk_ac_bbk_bookface_domain_Favourites_Roo_Jpa_ActiveRecord$uk_ac_bbk_bookface_domain_Favourites$persist(Favourites_Roo_Jpa_ActiveRecord.aj)
	at uk.ac.bbk.bookface.domain.FavouritesDataOnDemand_Roo_DataOnDemand.ajc$interMethod$uk_ac_bbk_bookface_domain_FavouritesDataOnDemand_Roo_DataOnDemand$uk_ac_bbk_bookface_domain_FavouritesDataOnDemand$init(FavouritesDataOnDemand_Roo_DataOnDemand.aj:84)
	... 41 more
testFindFavourites(uk.ac.bbk.bookface.domain.FavouritesIntegrationTest)  Time elapsed: 0 sec  <<< ERROR!
java.lang.RuntimeException: [ConstraintDescriptorImpl{annotation=javax.validation.constraints.NotNull, payloads=[], hasComposingConstraints=true, isReportAsSingleInvalidConstraint=false, elementType=FIELD, definedOn=DEFINED_LOCALLY, groups=[interface javax.validation.groups.Default], attributes={message={javax.validation.constraints.NotNull.message}, payload=[Ljava.lang.Class;@26ccfa41, groups=[Ljava.lang.Class;@5b41d54d}}:may not be null=null]
	at uk.ac.bbk.bookface.domain.FavouritesDataOnDemand_Roo_DataOnDemand.ajc$interMethod$uk_ac_bbk_bookface_domain_FavouritesDataOnDemand_Roo_DataOnDemand$uk_ac_bbk_bookface_domain_FavouritesDataOnDemand$init(FavouritesDataOnDemand_Roo_DataOnDemand.aj:91)
	at uk.ac.bbk.bookface.domain.FavouritesDataOnDemand.init(FavouritesDataOnDemand.java:1)
	at uk.ac.bbk.bookface.domain.FavouritesDataOnDemand_Roo_DataOnDemand.ajc$interMethodDispatch1$uk_ac_bbk_bookface_domain_FavouritesDataOnDemand_Roo_DataOnDemand$uk_ac_bbk_bookface_domain_FavouritesDataOnDemand$init(FavouritesDataOnDemand_Roo_DataOnDemand.aj)
	at uk.ac.bbk.bookface.domain.FavouritesDataOnDemand_Roo_DataOnDemand.ajc$interMethod$uk_ac_bbk_bookface_domain_FavouritesDataOnDemand_Roo_DataOnDemand$uk_ac_bbk_bookface_domain_FavouritesDataOnDemand$getRandomFavourites(FavouritesDataOnDemand_Roo_DataOnDemand.aj:59)
	at uk.ac.bbk.bookface.domain.FavouritesDataOnDemand.getRandomFavourites(FavouritesDataOnDemand.java:1)
	at uk.ac.bbk.bookface.domain.FavouritesDataOnDemand_Roo_DataOnDemand.ajc$interMethodDispatch1$uk_ac_bbk_bookface_domain_FavouritesDataOnDemand_Roo_DataOnDemand$uk_ac_bbk_bookface_domain_FavouritesDataOnDemand$getRandomFavourites(FavouritesDataOnDemand_Roo_DataOnDemand.aj)
	at uk.ac.bbk.bookface.domain.FavouritesIntegrationTest_Roo_IntegrationTest.ajc$interMethod$uk_ac_bbk_bookface_domain_FavouritesIntegrationTest_Roo_IntegrationTest$uk_ac_bbk_bookface_domain_FavouritesIntegrationTest$testFindFavourites(FavouritesIntegrationTest_Roo_IntegrationTest.aj:38)
	at uk.ac.bbk.bookface.domain.FavouritesIntegrationTest.testFindFavourites(FavouritesIntegrationTest.java:1)
	at sun.reflect.NativeMethodAccessorImpl.invoke0(Native Method)
	at sun.reflect.NativeMethodAccessorImpl.invoke(Unknown Source)
	at sun.reflect.DelegatingMethodAccessorImpl.invoke(Unknown Source)
	at java.lang.reflect.Method.invoke(Unknown Source)
	at org.junit.runners.model.FrameworkMethod$1.runReflectiveCall(FrameworkMethod.java:45)
	at org.junit.internal.runners.model.ReflectiveCallable.run(ReflectiveCallable.java:15)
	at org.junit.runners.model.FrameworkMethod.invokeExplosively(FrameworkMethod.java:42)
	at org.junit.internal.runners.statements.InvokeMethod.evaluate(InvokeMethod.java:20)
	at org.springframework.test.context.junit4.statements.RunBeforeTestMethodCallbacks.evaluate(RunBeforeTestMethodCallbacks.java:74)
	at org.springframework.test.context.junit4.statements.RunAfterTestMethodCallbacks.evaluate(RunAfterTestMethodCallbacks.java:83)
	at org.springframework.test.context.junit4.statements.SpringRepeat.evaluate(SpringRepeat.java:72)
	at org.springframework.test.context.junit4.SpringJUnit4ClassRunner.runChild(SpringJUnit4ClassRunner.java:231)
	at org.springframework.test.context.junit4.SpringJUnit4ClassRunner.runChild(SpringJUnit4ClassRunner.java:88)
	at org.junit.runners.ParentRunner$3.run(ParentRunner.java:231)
	at org.junit.runners.ParentRunner$1.schedule(ParentRunner.java:60)
	at org.junit.runners.ParentRunner.runChildren(ParentRunner.java:229)
	at org.junit.runners.ParentRunner.access$000(ParentRunner.java:50)
	at org.junit.runners.ParentRunner$2.evaluate(ParentRunner.java:222)
	at org.springframework.test.context.junit4.statements.RunBeforeTestClassCallbacks.evaluate(RunBeforeTestClassCallbacks.java:61)
	at org.springframework.test.context.junit4.statements.RunAfterTestClassCallbacks.evaluate(RunAfterTestClassCallbacks.java:71)
	at org.junit.runners.ParentRunner.run(ParentRunner.java:300)
	at org.springframework.test.context.junit4.SpringJUnit4ClassRunner.run(SpringJUnit4ClassRunner.java:174)
	at org.apache.maven.surefire.junit4.JUnit4Provider.execute(JUnit4Provider.java:236)
	at org.apache.maven.surefire.junit4.JUnit4Provider.executeTestSet(JUnit4Provider.java:134)
	at org.apache.maven.surefire.junit4.JUnit4Provider.invoke(JUnit4Provider.java:113)
	at sun.reflect.NativeMethodAccessorImpl.invoke0(Native Method)
	at sun.reflect.NativeMethodAccessorImpl.invoke(Unknown Source)
	at sun.reflect.DelegatingMethodAccessorImpl.invoke(Unknown Source)
	at java.lang.reflect.Method.invoke(Unknown Source)
	at org.apache.maven.surefire.util.ReflectionUtils.invokeMethodWithArray(ReflectionUtils.java:189)
	at org.apache.maven.surefire.booter.ProviderFactory$ProviderProxy.invoke(ProviderFactory.java:165)
	at org.apache.maven.surefire.booter.ProviderFactory.invokeProvider(ProviderFactory.java:85)
	at org.apache.maven.surefire.booter.ForkedBooter.runSuitesInProcess(ForkedBooter.java:103)
	at org.apache.maven.surefire.booter.ForkedBooter.main(ForkedBooter.java:74)
Caused by: javax.validation.ConstraintViolationException: Validation failed for classes [uk.ac.bbk.bookface.domain.Favourites] during persist time for groups [javax.validation.groups.Default, ]
List of constraint violations:[
	ConstraintViolationImpl{interpolatedMessage='may not be null', propertyPath=identifier, rootBeanClass=class uk.ac.bbk.bookface.domain.Favourites, messageTemplate='{javax.validation.constraints.NotNull.message}'}
]
	at org.hibernate.cfg.beanvalidation.BeanValidationEventListener.validate(BeanValidationEventListener.java:159)
	at org.hibernate.cfg.beanvalidation.BeanValidationEventListener.onPreInsert(BeanValidationEventListener.java:94)
	at org.hibernate.action.internal.EntityIdentityInsertAction.preInsert(EntityIdentityInsertAction.java:178)
	at org.hibernate.action.internal.EntityIdentityInsertAction.execute(EntityIdentityInsertAction.java:75)
	at org.hibernate.engine.spi.ActionQueue.execute(ActionQueue.java:362)
	at org.hibernate.engine.spi.ActionQueue.addResolvedEntityInsertAction(ActionQueue.java:203)
	at org.hibernate.engine.spi.ActionQueue.addInsertAction(ActionQueue.java:183)
	at org.hibernate.engine.spi.ActionQueue.addAction(ActionQueue.java:167)
	at org.hibernate.event.internal.AbstractSaveEventListener.addInsertAction(AbstractSaveEventListener.java:320)
	at org.hibernate.event.internal.AbstractSaveEventListener.performSaveOrReplicate(AbstractSaveEventListener.java:287)
	at org.hibernate.event.internal.AbstractSaveEventListener.performSave(AbstractSaveEventListener.java:193)
	at org.hibernate.event.internal.AbstractSaveEventListener.saveWithGeneratedId(AbstractSaveEventListener.java:126)
	at org.hibernate.ejb.event.EJB3PersistEventListener.saveWithGeneratedId(EJB3PersistEventListener.java:78)
	at org.hibernate.event.internal.DefaultPersistEventListener.entityIsTransient(DefaultPersistEventListener.java:208)
	at org.hibernate.event.internal.DefaultPersistEventListener.onPersist(DefaultPersistEventListener.java:151)
	at org.hibernate.event.internal.DefaultPersistEventListener.onPersist(DefaultPersistEventListener.java:78)
	at org.hibernate.internal.SessionImpl.firePersist(SessionImpl.java:843)
	at org.hibernate.internal.SessionImpl.persist(SessionImpl.java:818)
	at org.hibernate.internal.SessionImpl.persist(SessionImpl.java:822)
	at org.hibernate.ejb.AbstractEntityManagerImpl.persist(AbstractEntityManagerImpl.java:865)
	at sun.reflect.GeneratedMethodAccessor12.invoke(Unknown Source)
	at sun.reflect.DelegatingMethodAccessorImpl.invoke(Unknown Source)
	at java.lang.reflect.Method.invoke(Unknown Source)
	at org.springframework.orm.jpa.SharedEntityManagerCreator$SharedEntityManagerInvocationHandler.invoke(SharedEntityManagerCreator.java:240)
	at sun.proxy.$Proxy33.persist(Unknown Source)
	at uk.ac.bbk.bookface.domain.Favourites_Roo_Jpa_ActiveRecord.ajc$interMethod$uk_ac_bbk_bookface_domain_Favourites_Roo_Jpa_ActiveRecord$uk_ac_bbk_bookface_domain_Favourites$persist(Favourites_Roo_Jpa_ActiveRecord.aj:43)
	at uk.ac.bbk.bookface.domain.Favourites.persist(Favourites.java:1)
	at uk.ac.bbk.bookface.domain.Favourites_Roo_Jpa_ActiveRecord.ajc$interMethodDispatch1$uk_ac_bbk_bookface_domain_Favourites_Roo_Jpa_ActiveRecord$uk_ac_bbk_bookface_domain_Favourites$persist(Favourites_Roo_Jpa_ActiveRecord.aj)
	at uk.ac.bbk.bookface.domain.FavouritesDataOnDemand_Roo_DataOnDemand.ajc$interMethod$uk_ac_bbk_bookface_domain_FavouritesDataOnDemand_Roo_DataOnDemand$uk_ac_bbk_bookface_domain_FavouritesDataOnDemand$init(FavouritesDataOnDemand_Roo_DataOnDemand.aj:84)
	... 41 more
testCountFavouriteses(uk.ac.bbk.bookface.domain.FavouritesIntegrationTest)  Time elapsed: 0 sec  <<< ERROR!
java.lang.RuntimeException: [ConstraintDescriptorImpl{annotation=javax.validation.constraints.NotNull, payloads=[], hasComposingConstraints=true, isReportAsSingleInvalidConstraint=false, elementType=FIELD, definedOn=DEFINED_LOCALLY, groups=[interface javax.validation.groups.Default], attributes={message={javax.validation.constraints.NotNull.message}, payload=[Ljava.lang.Class;@26ccfa41, groups=[Ljava.lang.Class;@5b41d54d}}:may not be null=null]
	at uk.ac.bbk.bookface.domain.FavouritesDataOnDemand_Roo_DataOnDemand.ajc$interMethod$uk_ac_bbk_bookface_domain_FavouritesDataOnDemand_Roo_DataOnDemand$uk_ac_bbk_bookface_domain_FavouritesDataOnDemand$init(FavouritesDataOnDemand_Roo_DataOnDemand.aj:91)
	at uk.ac.bbk.bookface.domain.FavouritesDataOnDemand.init(FavouritesDataOnDemand.java:1)
	at uk.ac.bbk.bookface.domain.FavouritesDataOnDemand_Roo_DataOnDemand.ajc$interMethodDispatch1$uk_ac_bbk_bookface_domain_FavouritesDataOnDemand_Roo_DataOnDemand$uk_ac_bbk_bookface_domain_FavouritesDataOnDemand$init(FavouritesDataOnDemand_Roo_DataOnDemand.aj)
	at uk.ac.bbk.bookface.domain.FavouritesDataOnDemand_Roo_DataOnDemand.ajc$interMethod$uk_ac_bbk_bookface_domain_FavouritesDataOnDemand_Roo_DataOnDemand$uk_ac_bbk_bookface_domain_FavouritesDataOnDemand$getRandomFavourites(FavouritesDataOnDemand_Roo_DataOnDemand.aj:59)
	at uk.ac.bbk.bookface.domain.FavouritesDataOnDemand.getRandomFavourites(FavouritesDataOnDemand.java:1)
	at uk.ac.bbk.bookface.domain.FavouritesDataOnDemand_Roo_DataOnDemand.ajc$interMethodDispatch1$uk_ac_bbk_bookface_domain_FavouritesDataOnDemand_Roo_DataOnDemand$uk_ac_bbk_bookface_domain_FavouritesDataOnDemand$getRandomFavourites(FavouritesDataOnDemand_Roo_DataOnDemand.aj)
	at uk.ac.bbk.bookface.domain.FavouritesIntegrationTest_Roo_IntegrationTest.ajc$interMethod$uk_ac_bbk_bookface_domain_FavouritesIntegrationTest_Roo_IntegrationTest$uk_ac_bbk_bookface_domain_FavouritesIntegrationTest$testCountFavouriteses(FavouritesIntegrationTest_Roo_IntegrationTest.aj:31)
	at uk.ac.bbk.bookface.domain.FavouritesIntegrationTest.testCountFavouriteses(FavouritesIntegrationTest.java:1)
	at sun.reflect.NativeMethodAccessorImpl.invoke0(Native Method)
	at sun.reflect.NativeMethodAccessorImpl.invoke(Unknown Source)
	at sun.reflect.DelegatingMethodAccessorImpl.invoke(Unknown Source)
	at java.lang.reflect.Method.invoke(Unknown Source)
	at org.junit.runners.model.FrameworkMethod$1.runReflectiveCall(FrameworkMethod.java:45)
	at org.junit.internal.runners.model.ReflectiveCallable.run(ReflectiveCallable.java:15)
	at org.junit.runners.model.FrameworkMethod.invokeExplosively(FrameworkMethod.java:42)
	at org.junit.internal.runners.statements.InvokeMethod.evaluate(InvokeMethod.java:20)
	at org.springframework.test.context.junit4.statements.RunBeforeTestMethodCallbacks.evaluate(RunBeforeTestMethodCallbacks.java:74)
	at org.springframework.test.context.junit4.statements.RunAfterTestMethodCallbacks.evaluate(RunAfterTestMethodCallbacks.java:83)
	at org.springframework.test.context.junit4.statements.SpringRepeat.evaluate(SpringRepeat.java:72)
	at org.springframework.test.context.junit4.SpringJUnit4ClassRunner.runChild(SpringJUnit4ClassRunner.java:231)
	at org.springframework.test.context.junit4.SpringJUnit4ClassRunner.runChild(SpringJUnit4ClassRunner.java:88)
	at org.junit.runners.ParentRunner$3.run(ParentRunner.java:231)
	at org.junit.runners.ParentRunner$1.schedule(ParentRunner.java:60)
	at org.junit.runners.ParentRunner.runChildren(ParentRunner.java:229)
	at org.junit.runners.ParentRunner.access$000(ParentRunner.java:50)
	at org.junit.runners.ParentRunner$2.evaluate(ParentRunner.java:222)
	at org.springframework.test.context.junit4.statements.RunBeforeTestClassCallbacks.evaluate(RunBeforeTestClassCallbacks.java:61)
	at org.springframework.test.context.junit4.statements.RunAfterTestClassCallbacks.evaluate(RunAfterTestClassCallbacks.java:71)
	at org.junit.runners.ParentRunner.run(ParentRunner.java:300)
	at org.springframework.test.context.junit4.SpringJUnit4ClassRunner.run(SpringJUnit4ClassRunner.java:174)
	at org.apache.maven.surefire.junit4.JUnit4Provider.execute(JUnit4Provider.java:236)
	at org.apache.maven.surefire.junit4.JUnit4Provider.executeTestSet(JUnit4Provider.java:134)
	at org.apache.maven.surefire.junit4.JUnit4Provider.invoke(JUnit4Provider.java:113)
	at sun.reflect.NativeMethodAccessorImpl.invoke0(Native Method)
	at sun.reflect.NativeMethodAccessorImpl.invoke(Unknown Source)
	at sun.reflect.DelegatingMethodAccessorImpl.invoke(Unknown Source)
	at java.lang.reflect.Method.invoke(Unknown Source)
	at org.apache.maven.surefire.util.ReflectionUtils.invokeMethodWithArray(ReflectionUtils.java:189)
	at org.apache.maven.surefire.booter.ProviderFactory$ProviderProxy.invoke(ProviderFactory.java:165)
	at org.apache.maven.surefire.booter.ProviderFactory.invokeProvider(ProviderFactory.java:85)
	at org.apache.maven.surefire.booter.ForkedBooter.runSuitesInProcess(ForkedBooter.java:103)
	at org.apache.maven.surefire.booter.ForkedBooter.main(ForkedBooter.java:74)
Caused by: javax.validation.ConstraintViolationException: Validation failed for classes [uk.ac.bbk.bookface.domain.Favourites] during persist time for groups [javax.validation.groups.Default, ]
List of constraint violations:[
	ConstraintViolationImpl{interpolatedMessage='may not be null', propertyPath=identifier, rootBeanClass=class uk.ac.bbk.bookface.domain.Favourites, messageTemplate='{javax.validation.constraints.NotNull.message}'}
]
	at org.hibernate.cfg.beanvalidation.BeanValidationEventListener.validate(BeanValidationEventListener.java:159)
	at org.hibernate.cfg.beanvalidation.BeanValidationEventListener.onPreInsert(BeanValidationEventListener.java:94)
	at org.hibernate.action.internal.EntityIdentityInsertAction.preInsert(EntityIdentityInsertAction.java:178)
	at org.hibernate.action.internal.EntityIdentityInsertAction.execute(EntityIdentityInsertAction.java:75)
	at org.hibernate.engine.spi.ActionQueue.execute(ActionQueue.java:362)
	at org.hibernate.engine.spi.ActionQueue.addResolvedEntityInsertAction(ActionQueue.java:203)
	at org.hibernate.engine.spi.ActionQueue.addInsertAction(ActionQueue.java:183)
	at org.hibernate.engine.spi.ActionQueue.addAction(ActionQueue.java:167)
	at org.hibernate.event.internal.AbstractSaveEventListener.addInsertAction(AbstractSaveEventListener.java:320)
	at org.hibernate.event.internal.AbstractSaveEventListener.performSaveOrReplicate(AbstractSaveEventListener.java:287)
	at org.hibernate.event.internal.AbstractSaveEventListener.performSave(AbstractSaveEventListener.java:193)
	at org.hibernate.event.internal.AbstractSaveEventListener.saveWithGeneratedId(AbstractSaveEventListener.java:126)
	at org.hibernate.ejb.event.EJB3PersistEventListener.saveWithGeneratedId(EJB3PersistEventListener.java:78)
	at org.hibernate.event.internal.DefaultPersistEventListener.entityIsTransient(DefaultPersistEventListener.java:208)
	at org.hibernate.event.internal.DefaultPersistEventListener.onPersist(DefaultPersistEventListener.java:151)
	at org.hibernate.event.internal.DefaultPersistEventListener.onPersist(DefaultPersistEventListener.java:78)
	at org.hibernate.internal.SessionImpl.firePersist(SessionImpl.java:843)
	at org.hibernate.internal.SessionImpl.persist(SessionImpl.java:818)
	at org.hibernate.internal.SessionImpl.persist(SessionImpl.java:822)
	at org.hibernate.ejb.AbstractEntityManagerImpl.persist(AbstractEntityManagerImpl.java:865)
	at sun.reflect.GeneratedMethodAccessor12.invoke(Unknown Source)
	at sun.reflect.DelegatingMethodAccessorImpl.invoke(Unknown Source)
	at java.lang.reflect.Method.invoke(Unknown Source)
	at org.springframework.orm.jpa.SharedEntityManagerCreator$SharedEntityManagerInvocationHandler.invoke(SharedEntityManagerCreator.java:240)
	at sun.proxy.$Proxy33.persist(Unknown Source)
	at uk.ac.bbk.bookface.domain.Favourites_Roo_Jpa_ActiveRecord.ajc$interMethod$uk_ac_bbk_bookface_domain_Favourites_Roo_Jpa_ActiveRecord$uk_ac_bbk_bookface_domain_Favourites$persist(Favourites_Roo_Jpa_ActiveRecord.aj:43)
	at uk.ac.bbk.bookface.domain.Favourites.persist(Favourites.java:1)
	at uk.ac.bbk.bookface.domain.Favourites_Roo_Jpa_ActiveRecord.ajc$interMethodDispatch1$uk_ac_bbk_bookface_domain_Favourites_Roo_Jpa_ActiveRecord$uk_ac_bbk_bookface_domain_Favourites$persist(Favourites_Roo_Jpa_ActiveRecord.aj)
	at uk.ac.bbk.bookface.domain.FavouritesDataOnDemand_Roo_DataOnDemand.ajc$interMethod$uk_ac_bbk_bookface_domain_FavouritesDataOnDemand_Roo_DataOnDemand$uk_ac_bbk_bookface_domain_FavouritesDataOnDemand$init(FavouritesDataOnDemand_Roo_DataOnDemand.aj:84)
	... 41 more
